2026-04-19 21:13:53,656 - INFO - 更新了文件: /Users/lin/trae_projects/europe_leagues/premier_league/players/曼联.json
2026-04-19 21:13:53,658 - INFO - 更新了文件: /Users/lin/trae_projects/europe_leagues/premier_league/players/热刺.json
2026-04-19 21:13:53,660 - INFO - 更新了文件: /Users/lin/trae_projects/europe_leagues/premier_league/players/纽卡斯尔联.json
2026-04-19 21:13:53,660 - INFO - 更新了文件: /Users/lin/trae_projects/europe_leagues/premier_league/players/富勒姆.json
2026-04-19 21:13:53,662 - INFO - 更新了文件: /Users/lin/trae_projects/europe_leagues/premier_league/players/布伦特福德.json
2026-04-19 21:13:53,663 - INFO - 更新了文件: /Users/lin/trae_projects/europe_leagues/premier_league/players/桑德兰.json
2026-04-19 21:13:53,664 - INFO - 更新了文件: /Users/lin/trae_projects/europe_leagues/premier_league/players/水晶宫.json
2026-04-19 21:13:53,666 - INFO - 更新了文件: /Users/lin/trae_projects/europe_leagues/premier_league/players/利物浦.json
2026-04-19 21:13:53,668 - INFO - 更新了文件: /Users/lin/trae_projects/europe_leagues/premier_league/players/埃弗顿.json
2026-04-19 21:13:53,670 - INFO - 更新了文件: /Users/lin/trae_projects/europe_leagues/premier_league/players/阿斯顿维拉.json
2026-04-19 21:13:53,672 - INFO - 更新了文件: /Users/lin/trae_projects/europe_leagues/premier_league/players/切尔西.json
2026-04-19 21:13:53,673 - INFO - 更新了文件: /Users/lin/trae_projects/europe_leagues/premier_league/players/伯恩利.json
2026-04-19 21:13:53,674 - INFO - 更新了文件: /Users/lin/trae_projects/europe_leagues/premier_league/players/布莱顿.json
2026-04-19 21:13:53,676 - INFO - 更新了文件: /Users/lin/trae_projects/europe_leagues/premier_league/players/阿森纳.json
2026-04-19 21:13:53,679 - INFO - 更新了文件: /Users/lin/trae_projects/europe_leagues/premier_league/players/曼城.json
2026-04-19 21:13:53,680 - INFO - 更新了文件: /Users/lin/trae_projects/europe_leagues/premier_league/players/利兹联.json
2026-04-19 21:13:53,681 - INFO - 更新了文件: /Users/lin/trae_projects/europe_leagues/premier_league/players/诺丁汉森林.json
2026-04-19 21:13:53,682 - INFO - 更新了文件: /Users/lin/trae_projects/europe_leagues/premier_league/players/狼队.json
2026-04-19 21:13:53,683 - INFO - 更新了文件: /Users/lin/trae_projects/europe_leagues/premier_league/players/西汉姆联.json
2026-04-19 21:13:53,684 - INFO - 更新了文件: /Users/lin/trae_projects/europe_leagues/premier_league/players/伯恩茅斯.json
2026-04-19 21:13:53,687 - INFO - 更新了文件: /Users/lin/trae_projects/europe_leagues/la_liga/players/阿拉维斯.json
2026-04-19 21:13:53,691 - INFO - 更新了文件: /Users/lin/trae_projects/europe_leagues/la_liga/players/皇家社会.json
2026-04-19 21:13:53,695 - INFO - 更新了文件: /Users/lin/trae_projects/europe_leagues/la_liga/players/格拉纳达.json
2026-04-19 21:13:53,698 - INFO - 更新了文件: /Users/lin/trae_projects/europe_leagues/la_liga/players/比利亚雷亚尔.json
2026-04-19 21:13:53,702 - INFO - 更新了文件: /Users/lin/trae_projects/europe_leagues/la_liga/players/马德里竞技.json
2026-04-19 21:13:53,704 - INFO - 更新了文件: /Users/lin/trae_projects/europe_leagues/la_liga/players/埃尔切.json
2026-04-19 21:13:53,707 - INFO - 更新了文件: /Users/lin/trae_projects/europe_leagues/la_liga/players/塞维利亚.json
2026-04-19 21:13:53,709 - INFO - 更新了文件: /Users/lin/trae_projects/europe_leagues/la_liga/players/奥萨苏纳.json
2026-04-19 21:13:53,712 - INFO - 更新了文件: /Users/lin/trae_projects/europe_leagues/la_liga/players/皇家马德里.json
2026-04-19 21:13:53,714 - INFO - 更新了文件: /Users/lin/trae_projects/europe_leagues/la_liga/players/赫罗纳.json
2026-04-19 21:13:53,717 - INFO - 更新了文件: /Users/lin/trae_projects/europe_leagues/la_liga/players/巴塞罗那.json
2026-04-19 21:13:53,719 - INFO - 更新了文件: /Users/lin/trae_projects/europe_leagues/la_liga/players/马略卡.json
2026-04-19 21:13:53,721 - INFO - 更新了文件: /Users/lin/trae_projects/europe_leagues/la_liga/players/毕尔巴鄂竞技.json
2026-04-19 21:13:53,724 - INFO - 更新了文件: /Users/lin/trae_projects/europe_leagues/la_liga/players/贝蒂斯.json
2026-04-19 21:13:53,726 - INFO - 更新了文件: /Users/lin/trae_projects/europe_leagues/la_liga/players/塞尔塔.json
2026-04-19 21:13:53,730 - INFO - 更新了文件: /Users/lin/trae_projects/europe_leagues/la_liga/players/巴伦西亚.json
2026-04-19 21:13:53,734 - INFO - 更新了文件: /Users/lin/trae_projects/europe_leagues/la_liga/players/巴列卡诺.json
2026-04-19 21:13:53,736 - INFO - 更新了文件: /Users/lin/trae_projects/europe_leagues/la_liga/players/莱万特.json
2026-04-19 21:13:53,739 - INFO - 更新了文件: /Users/lin/trae_projects/europe_leagues/la_liga/players/赫塔菲.json
2026-04-19 21:13:53,741 - INFO - 更新了文件: /Users/lin/trae_projects/europe_leagues/la_liga/players/加的斯.json
2026-04-19 21:13:53,743 - INFO - 更新了文件: /Users/lin/trae_projects/europe_leagues/serie_a/players/恩波利.json
2026-04-19 21:13:53,745 - INFO - 更新了文件: /Users/lin/trae_projects/europe_leagues/serie_a/players/亚特兰大.json
2026-04-19 21:13:53,747 - INFO - 更新了文件: /Users/lin/trae_projects/europe_leagues/serie_a/players/乌迪内斯.json
2026-04-19 21:13:53,748 - INFO - 更新了文件: /Users/lin/trae_projects/europe_leagues/serie_a/players/克雷莫纳.json
2026-04-19 21:13:53,749 - INFO - 更新了文件: /Users/lin/trae_projects/europe_leagues/serie_a/players/拉齐奥.json
2026-04-19 21:13:53,750 - INFO - 更新了文件: /Users/lin/trae_projects/europe_leagues/serie_a/players/博洛尼亚.json
2026-04-19 21:13:53,753 - INFO - 更新了文件: /Users/lin/trae_projects/europe_leagues/serie_a/players/罗马.json
2026-04-19 21:13:53,754 - INFO - 更新了文件: /Users/lin/trae_projects/europe_leagues/serie_a/players/维罗纳.json
2026-04-19 21:13:53,756 - INFO - 更新了文件: /Users/lin/trae_projects/europe_leagues/serie_a/players/科莫.json
2026-04-19 21:13:53,762 - INFO - 更新了文件: /Users/lin/trae_projects/europe_leagues/serie_a/players/尤文图斯.json
2026-04-19 21:13:53,764 - INFO - 更新了文件: /Users/lin/trae_projects/europe_leagues/serie_a/players/帕尔马.json
2026-04-19 21:13:53,767 - INFO - 更新了文件: /Users/lin/trae_projects/europe_leagues/serie_a/players/AC米兰.json
2026-04-19 21:13:53,769 - INFO - 更新了文件: /Users/lin/trae_projects/europe_leagues/serie_a/players/佛罗伦萨.json
2026-04-19 21:13:53,775 - INFO - 更新了文件: /Users/lin/trae_projects/europe_leagues/serie_a/players/那不勒斯.json
2026-04-19 21:13:53,777 - INFO - 更新了文件: /Users/lin/trae_projects/europe_leagues/serie_a/players/比萨.json
2026-04-19 21:13:53,778 - INFO - 更新了文件: /Users/lin/trae_projects/europe_leagues/serie_a/players/国际米兰.json
2026-04-19 21:13:53,782 - INFO - 更新了文件: /Users/lin/trae_projects/europe_leagues/serie_a/players/卡利亚里.json
2026-04-19 21:13:53,792 - INFO - 更新了文件: /Users/lin/trae_projects/europe_leagues/serie_a/players/萨索洛.json
2026-04-19 21:13:53,799 - INFO - 更新了文件: /Users/lin/trae_projects/europe_leagues/serie_a/players/都灵.json
2026-04-19 21:13:53,809 - INFO - 更新了文件: /Users/lin/trae_projects/europe_leagues/serie_a/players/莱切.json
2026-04-19 21:13:53,815 - INFO - 更新了文件: /Users/lin/trae_projects/europe_leagues/bundesliga/players/奥格斯堡.json
2026-04-19 21:13:53,821 - INFO - 更新了文件: /Users/lin/trae_projects/europe_leagues/bundesliga/players/霍芬海姆.json
2026-04-19 21:13:53,847 - INFO - 更新了文件: /Users/lin/trae_projects/europe_leagues/bundesliga/players/沃尔夫斯堡.json
2026-04-19 21:13:53,854 - INFO - 更新了文件: /Users/lin/trae_projects/europe_leagues/bundesliga/players/波鸿.json
2026-04-19 21:13:53,856 - INFO - 更新了文件: /Users/lin/trae_projects/europe_leagues/bundesliga/players/斯图加特.json
2026-04-19 21:13:53,859 - INFO - 更新了文件: /Users/lin/trae_projects/europe_leagues/bundesliga/players/科隆.json
2026-04-19 21:13:53,860 - INFO - 更新了文件: /Users/lin/trae_projects/europe_leagues/bundesliga/players/柏林联合.json
2026-04-19 21:13:53,861 - INFO - 更新了文件: /Users/lin/trae_projects/europe_leagues/bundesliga/players/多特蒙德.json
2026-04-19 21:13:53,862 - INFO - 更新了文件: /Users/lin/trae_projects/europe_leagues/bundesliga/players/弗莱堡.json
2026-04-19 21:13:53,863 - INFO - 更新了文件: /Users/lin/trae_projects/europe_leagues/bundesliga/players/汉堡.json
2026-04-19 21:13:53,864 - INFO - 更新了文件: /Users/lin/trae_projects/europe_leagues/bundesliga/players/法兰克福.json
2026-04-19 21:13:53,864 - INFO - 更新了文件: /Users/lin/trae_projects/europe_leagues/bundesliga/players/圣保利.json
2026-04-19 21:13:53,866 - INFO - 更新了文件: /Users/lin/trae_projects/europe_leagues/bundesliga/players/拜仁慕尼黑.json
2026-04-19 21:13:53,867 - INFO - 更新了文件: /Users/lin/trae_projects/europe_leagues/bundesliga/players/沙尔克04.json
2026-04-19 21:13:53,868 - INFO - 更新了文件: /Users/lin/trae_projects/europe_leagues/bundesliga/players/美因茨.json
2026-04-19 21:13:53,870 - INFO - 更新了文件: /Users/lin/trae_projects/europe_leagues/bundesliga/players/勒沃库森.json
2026-04-19 21:13:53,873 - INFO - 更新了文件: /Users/lin/trae_projects/europe_leagues/bundesliga/players/云达不莱梅.json
2026-04-19 21:13:53,874 - INFO - 更新了文件: /Users/lin/trae_projects/europe_leagues/bundesliga/players/门兴格拉德巴赫.json
2026-04-19 21:13:53,876 - INFO - 更新了文件: /Users/lin/trae_projects/europe_leagues/ligue_1/players/克莱蒙.json
2026-04-19 21:13:53,878 - INFO - 更新了文件: /Users/lin/trae_projects/europe_leagues/ligue_1/players/洛里昂.json
2026-04-19 21:13:53,881 - INFO - 更新了文件: /Users/lin/trae_projects/europe_leagues/ligue_1/players/蒙彼利埃.json
2026-04-19 21:13:53,882 - INFO - 更新了文件: /Users/lin/trae_projects/europe_leagues/ligue_1/players/斯特拉斯堡.json
2026-04-19 21:13:53,883 - INFO - 更新了文件: /Users/lin/trae_projects/europe_leagues/ligue_1/players/勒阿弗尔.json
2026-04-19 21:13:53,884 - INFO - 更新了文件: /Users/lin/trae_projects/europe_leagues/ligue_1/players/里尔.json
2026-04-19 21:13:53,885 - INFO - 更新了文件: /Users/lin/trae_projects/europe_leagues/ligue_1/players/布雷斯特.json
2026-04-19 21:13:53,888 - INFO - 更新了文件: /Users/lin/trae_projects/europe_leagues/ligue_1/players/马赛.json
2026-04-19 21:13:53,889 - INFO - 更新了文件: /Users/lin/trae_projects/europe_leagues/ligue_1/players/朗斯.json
2026-04-19 21:13:53,891 - INFO - 更新了文件: /Users/lin/trae_projects/europe_leagues/ligue_1/players/巴黎圣日耳曼.json
2026-04-19 21:13:53,892 - INFO - 更新了文件: /Users/lin/trae_projects/europe_leagues/ligue_1/players/特鲁瓦.json
2026-04-19 21:13:53,894 - INFO - 更新了文件: /Users/lin/trae_projects/europe_leagues/ligue_1/players/摩纳哥.json
2026-04-19 21:13:53,896 - INFO - 更新了文件: /Users/lin/trae_projects/europe_leagues/ligue_1/players/尼斯.json
2026-04-19 21:13:53,898 - INFO - 更新了文件: /Users/lin/trae_projects/europe_leagues/ligue_1/players/欧塞尔.json
2026-04-19 21:13:53,899 - INFO - 更新了文件: /Users/lin/trae_projects/europe_leagues/ligue_1/players/里昂.json
2026-04-19 21:13:53,900 - INFO - 更新了文件: /Users/lin/trae_projects/europe_leagues/ligue_1/players/南特.json
2026-04-19 21:13:53,902 - INFO - 更新了文件: /Users/lin/trae_projects/europe_leagues/ligue_1/players/雷恩.json
2026-04-19 21:13:53,903 - INFO - 更新了文件: /Users/lin/trae_projects/europe_leagues/ligue_1/players/图卢兹.json
