WARNING:werkzeug: * Debugger is active!
INFO:werkzeug: * Debugger PIN: 109-897-850
INFO:werkzeug: * Detected change in '/Users/lin/trae_projects/europe_leagues/web_interface.py', reloading
WARNING:werkzeug: * Debugger is active!
INFO:werkzeug: * Debugger PIN: 109-897-850
INFO:werkzeug: * Detected change in '/Users/lin/trae_projects/europe_leagues/web_interface.py', reloading
WARNING:werkzeug: * Debugger is active!
INFO:werkzeug: * Debugger PIN: 109-897-850
INFO:werkzeug:[31m[1mWARNING: This is a development server. Do not use it in a production deployment. Use a production WSGI server instead.[0m
 * Running on all addresses (0.0.0.0)
 * Running on http://127.0.0.1:5002
 * Running on http://192.168.31.235:5002
INFO:werkzeug:[33mPress CTRL+C to quit[0m
INFO:werkzeug: * Restarting with stat
WARNING:werkzeug: * Debugger is active!
INFO:werkzeug: * Debugger PIN: 109-897-850
INFO:werkzeug:127.0.0.1 - - [19/Apr/2026 15:48:58] "GET / HTTP/1.1" 200 -
INFO:werkzeug:127.0.0.1 - - [19/Apr/2026 15:48:58] "GET /predictions HTTP/1.1" 200 -
INFO:werkzeug:127.0.0.1 - - [19/Apr/2026 15:48:58] "GET /schedules HTTP/1.1" 200 -
INFO:werkzeug:127.0.0.1 - - [19/Apr/2026 15:48:58] "GET /teams?league=premier_league HTTP/1.1" 200 -
INFO:werkzeug:127.0.0.1 - - [19/Apr/2026 15:48:58] "GET /accuracy HTTP/1.1" 200 -
INFO:werkzeug:127.0.0.1 - - [19/Apr/2026 15:48:58] "[33mGET /@vite/client HTTP/1.1[0m" 404 -
INFO:werkzeug:127.0.0.1 - - [19/Apr/2026 17:07:58] "GET / HTTP/1.1" 200 -
INFO:werkzeug:127.0.0.1 - - [19/Apr/2026 17:07:58] "GET /predictions HTTP/1.1" 200 -
INFO:werkzeug:127.0.0.1 - - [19/Apr/2026 17:07:58] "GET /schedules HTTP/1.1" 200 -
INFO:werkzeug:127.0.0.1 - - [19/Apr/2026 17:07:58] "GET /teams?league=premier_league HTTP/1.1" 200 -
INFO:werkzeug:127.0.0.1 - - [19/Apr/2026 17:07:58] "GET /accuracy HTTP/1.1" 200 -
INFO:werkzeug:127.0.0.1 - - [19/Apr/2026 17:09:52] "POST /predict_match HTTP/1.1" 200 -
INFO:werkzeug: * Detected change in '/Users/lin/trae_projects/europe_leagues/web_interface.py', reloading
INFO:werkzeug: * Restarting with stat
WARNING:werkzeug: * Debugger is active!
INFO:werkzeug: * Debugger PIN: 109-897-850
INFO:werkzeug: * Detected change in '/Users/lin/trae_projects/europe_leagues/web_interface.py', reloading
INFO:werkzeug: * Restarting with stat
INFO:root:添加数据源: mock_realtime
WARNING:werkzeug: * Debugger is active!
INFO:werkzeug: * Debugger PIN: 109-897-850
INFO:werkzeug: * Detected change in '/Users/lin/trae_projects/europe_leagues/web_interface.py', reloading
INFO:werkzeug: * Restarting with stat
INFO:root:添加数据源: mock_realtime
WARNING:werkzeug: * Debugger is active!
INFO:werkzeug: * Debugger PIN: 109-897-850
INFO:werkzeug: * Detected change in '/Users/lin/trae_projects/europe_leagues/web_interface.py', reloading
INFO:werkzeug: * Restarting with stat
INFO:root:添加数据源: mock_realtime
WARNING:werkzeug: * Debugger is active!
INFO:werkzeug: * Debugger PIN: 109-897-850
INFO:werkzeug: * Detected change in '/Users/lin/trae_projects/europe_leagues/web_interface.py', reloading
INFO:werkzeug: * Restarting with stat
INFO:root:添加数据源: mock_realtime
WARNING:werkzeug: * Debugger is active!
INFO:werkzeug: * Debugger PIN: 109-897-850
INFO:root:添加数据源: mock_realtime
INFO:werkzeug:[31m[1mWARNING: This is a development server. Do not use it in a production deployment. Use a production WSGI server instead.[0m
 * Running on all addresses (0.0.0.0)
 * Running on http://127.0.0.1:5002
 * Running on http://192.168.31.235:5002
INFO:werkzeug:[33mPress CTRL+C to quit[0m
INFO:werkzeug: * Restarting with stat
INFO:root:添加数据源: mock_realtime
WARNING:werkzeug: * Debugger is active!
INFO:werkzeug: * Debugger PIN: 109-897-850
INFO:werkzeug:127.0.0.1 - - [19/Apr/2026 17:13:31] "GET / HTTP/1.1" 200 -
INFO:werkzeug:127.0.0.1 - - [19/Apr/2026 17:13:32] "GET /schedules HTTP/1.1" 200 -
INFO:werkzeug:127.0.0.1 - - [19/Apr/2026 17:13:32] "GET /predictions HTTP/1.1" 200 -
INFO:werkzeug:127.0.0.1 - - [19/Apr/2026 17:13:32] "GET /teams?league=premier_league HTTP/1.1" 200 -
INFO:werkzeug:127.0.0.1 - - [19/Apr/2026 17:13:32] "GET /accuracy HTTP/1.1" 200 -
INFO:werkzeug:127.0.0.1 - - [19/Apr/2026 17:13:32] "[33mGET /@vite/client HTTP/1.1[0m" 404 -
INFO:werkzeug:127.0.0.1 - - [19/Apr/2026 17:13:32] "GET / HTTP/1.1" 200 -
INFO:werkzeug:127.0.0.1 - - [19/Apr/2026 17:13:32] "GET /teams?league=premier_league HTTP/1.1" 200 -
INFO:werkzeug:127.0.0.1 - - [19/Apr/2026 17:13:32] "GET /accuracy HTTP/1.1" 200 -
INFO:werkzeug:127.0.0.1 - - [19/Apr/2026 17:13:32] "GET /schedules HTTP/1.1" 200 -
INFO:werkzeug:127.0.0.1 - - [19/Apr/2026 17:13:32] "GET /predictions HTTP/1.1" 200 -
INFO:werkzeug:127.0.0.1 - - [19/Apr/2026 17:13:32] "[33mGET /@vite/client HTTP/1.1[0m" 404 -
INFO:werkzeug: * Detected change in '/Users/lin/trae_projects/europe_leagues/web_interface.py', reloading
INFO:werkzeug: * Restarting with stat
INFO:root:添加数据源: mock_realtime
WARNING:werkzeug: * Debugger is active!
INFO:werkzeug: * Debugger PIN: 109-897-850
INFO:root:添加数据源: mock_realtime
INFO:werkzeug:[31m[1mWARNING: This is a development server. Do not use it in a production deployment. Use a production WSGI server instead.[0m
 * Running on all addresses (0.0.0.0)
 * Running on http://127.0.0.1:5003
 * Running on http://192.168.31.235:5003
INFO:werkzeug:[33mPress CTRL+C to quit[0m
INFO:werkzeug: * Restarting with stat
INFO:root:添加数据源: mock_realtime
WARNING:werkzeug: * Debugger is active!
INFO:werkzeug: * Debugger PIN: 109-897-850
INFO:werkzeug:127.0.0.1 - - [19/Apr/2026 17:14:21] "GET / HTTP/1.1" 200 -
INFO:werkzeug:127.0.0.1 - - [19/Apr/2026 17:14:22] "GET /teams?league=premier_league HTTP/1.1" 200 -
INFO:werkzeug:127.0.0.1 - - [19/Apr/2026 17:14:22] "GET /accuracy HTTP/1.1" 200 -
INFO:werkzeug:127.0.0.1 - - [19/Apr/2026 17:14:22] "GET /predictions HTTP/1.1" 200 -
INFO:werkzeug:127.0.0.1 - - [19/Apr/2026 17:14:22] "GET /schedules HTTP/1.1" 200 -
INFO:werkzeug:127.0.0.1 - - [19/Apr/2026 17:14:22] "[33mGET /@vite/client HTTP/1.1[0m" 404 -
INFO:werkzeug:127.0.0.1 - - [19/Apr/2026 17:14:24] "GET / HTTP/1.1" 200 -
INFO:werkzeug:127.0.0.1 - - [19/Apr/2026 17:14:24] "GET /predictions HTTP/1.1" 200 -
INFO:werkzeug:127.0.0.1 - - [19/Apr/2026 17:14:24] "GET /schedules HTTP/1.1" 200 -
INFO:werkzeug:127.0.0.1 - - [19/Apr/2026 17:14:24] "GET /teams?league=premier_league HTTP/1.1" 200 -
INFO:werkzeug:127.0.0.1 - - [19/Apr/2026 17:14:24] "GET /accuracy HTTP/1.1" 200 -
INFO:werkzeug:127.0.0.1 - - [19/Apr/2026 17:14:24] "[33mGET /favicon.ico HTTP/1.1[0m" 404 -
INFO:root:mock_realtime: 获取 诺丁汉森林 球员状态成功
INFO:root:mock_realtime: 获取 伯恩利 球员状态成功
INFO:root:mock_realtime: 获取 premier_league_2026-04-19_诺丁汉森林_vs_伯恩利 赔率数据成功
INFO:werkzeug:127.0.0.1 - - [19/Apr/2026 17:14:40] "POST /predict_match HTTP/1.1" 200 -
INFO:werkzeug: * Detected change in '/Users/lin/trae_projects/europe_leagues/realtime_data集成.py', reloading
INFO:werkzeug: * Restarting with stat
INFO:root:添加数据源: mock_realtime
WARNING:werkzeug: * Debugger is active!
INFO:werkzeug: * Debugger PIN: 109-897-850
INFO:werkzeug: * Detected change in '/Users/lin/trae_projects/europe_leagues/web_interface.py', reloading
INFO:werkzeug: * Restarting with stat
INFO:root:添加数据源: sporttery_realtime
INFO:werkzeug:[31m[1mWARNING: This is a development server. Do not use it in a production deployment. Use a production WSGI server instead.[0m
 * Running on all addresses (0.0.0.0)
 * Running on http://127.0.0.1:5003
 * Running on http://192.168.31.235:5003
INFO:werkzeug:[33mPress CTRL+C to quit[0m
INFO:werkzeug: * Restarting with stat
INFO:root:添加数据源: sporttery_realtime
WARNING:werkzeug: * Debugger is active!
INFO:werkzeug: * Debugger PIN: 109-897-850
INFO:werkzeug:127.0.0.1 - - [19/Apr/2026 17:17:34] "GET / HTTP/1.1" 200 -
INFO:werkzeug:127.0.0.1 - - [19/Apr/2026 17:17:35] "GET /predictions HTTP/1.1" 200 -
INFO:werkzeug:127.0.0.1 - - [19/Apr/2026 17:17:35] "GET /schedules HTTP/1.1" 200 -
INFO:werkzeug:127.0.0.1 - - [19/Apr/2026 17:17:35] "GET /teams?league=premier_league HTTP/1.1" 200 -
INFO:werkzeug:127.0.0.1 - - [19/Apr/2026 17:17:35] "GET /accuracy HTTP/1.1" 200 -
INFO:werkzeug:127.0.0.1 - - [19/Apr/2026 17:17:35] "[33mGET /@vite/client HTTP/1.1[0m" 404 -
INFO:werkzeug:127.0.0.1 - - [19/Apr/2026 17:17:35] "GET / HTTP/1.1" 200 -
INFO:werkzeug:127.0.0.1 - - [19/Apr/2026 17:17:35] "GET /predictions HTTP/1.1" 200 -
INFO:werkzeug:127.0.0.1 - - [19/Apr/2026 17:17:35] "GET /teams?league=premier_league HTTP/1.1" 200 -
INFO:werkzeug:127.0.0.1 - - [19/Apr/2026 17:17:35] "GET /schedules HTTP/1.1" 200 -
INFO:werkzeug:127.0.0.1 - - [19/Apr/2026 17:17:35] "GET /accuracy HTTP/1.1" 200 -
INFO:werkzeug:127.0.0.1 - - [19/Apr/2026 17:17:35] "[33mGET /@vite/client HTTP/1.1[0m" 404 -
INFO:werkzeug:127.0.0.1 - - [19/Apr/2026 17:17:37] "GET / HTTP/1.1" 200 -
INFO:werkzeug:127.0.0.1 - - [19/Apr/2026 17:17:37] "GET /predictions HTTP/1.1" 200 -
INFO:werkzeug:127.0.0.1 - - [19/Apr/2026 17:17:37] "GET /schedules HTTP/1.1" 200 -
INFO:werkzeug:127.0.0.1 - - [19/Apr/2026 17:17:37] "GET /accuracy HTTP/1.1" 200 -
INFO:werkzeug:127.0.0.1 - - [19/Apr/2026 17:17:37] "GET /teams?league=premier_league HTTP/1.1" 200 -
ERROR:root:sporttery_realtime: 获取球员状态失败: No module named 'browser_use'
ERROR:root:sporttery_realtime: 获取球员状态失败: No module named 'browser_use'
ERROR:root:sporttery_realtime: 获取赔率数据失败: No module named 'browser_use'
INFO:werkzeug:127.0.0.1 - - [19/Apr/2026 17:17:54] "POST /predict_match HTTP/1.1" 200 -
INFO:werkzeug: * Detected change in '/Users/lin/trae_projects/europe_leagues/web_interface.py', reloading
INFO:werkzeug: * Restarting with stat
INFO:root:添加数据源: sporttery_realtime
WARNING:werkzeug: * Debugger is active!
INFO:werkzeug: * Debugger PIN: 109-897-850
INFO:root:添加数据源: sporttery_realtime
INFO:werkzeug:[31m[1mWARNING: This is a development server. Do not use it in a production deployment. Use a production WSGI server instead.[0m
 * Running on all addresses (0.0.0.0)
 * Running on http://127.0.0.1:5004
 * Running on http://192.168.31.235:5004
INFO:werkzeug:[33mPress CTRL+C to quit[0m
INFO:werkzeug: * Restarting with stat
INFO:root:添加数据源: sporttery_realtime
WARNING:werkzeug: * Debugger is active!
INFO:werkzeug: * Debugger PIN: 109-897-850
INFO:werkzeug:127.0.0.1 - - [19/Apr/2026 17:18:14] "GET / HTTP/1.1" 200 -
INFO:werkzeug:127.0.0.1 - - [19/Apr/2026 17:18:14] "GET /teams?league=premier_league HTTP/1.1" 200 -
INFO:werkzeug:127.0.0.1 - - [19/Apr/2026 17:18:14] "GET /predictions HTTP/1.1" 200 -
INFO:werkzeug:127.0.0.1 - - [19/Apr/2026 17:18:14] "GET /schedules HTTP/1.1" 200 -
INFO:werkzeug:127.0.0.1 - - [19/Apr/2026 17:18:14] "GET /accuracy HTTP/1.1" 200 -
INFO:werkzeug:127.0.0.1 - - [19/Apr/2026 17:18:14] "[33mGET /@vite/client HTTP/1.1[0m" 404 -
INFO:werkzeug: * Detected change in '/Users/lin/trae_projects/europe_leagues/web_interface.py', reloading
INFO:werkzeug: * Restarting with stat
INFO:root:添加数据源: sporttery_realtime
WARNING:werkzeug: * Debugger is active!
INFO:werkzeug: * Debugger PIN: 109-897-850
INFO:werkzeug: * Detected change in '/Users/lin/trae_projects/europe_leagues/web_interface.py', reloading
INFO:werkzeug: * Restarting with stat
INFO:root:添加数据源: sporttery_realtime
WARNING:werkzeug: * Debugger is active!
INFO:werkzeug: * Debugger PIN: 109-897-850
INFO:root:添加数据源: sporttery_realtime
INFO:werkzeug:[31m[1mWARNING: This is a development server. Do not use it in a production deployment. Use a production WSGI server instead.[0m
 * Running on all addresses (0.0.0.0)
 * Running on http://127.0.0.1:5004
 * Running on http://192.168.31.235:5004
INFO:werkzeug:[33mPress CTRL+C to quit[0m
INFO:werkzeug: * Restarting with stat
INFO:root:添加数据源: sporttery_realtime
WARNING:werkzeug: * Debugger is active!
INFO:werkzeug: * Debugger PIN: 109-897-850
INFO:werkzeug:127.0.0.1 - - [19/Apr/2026 17:28:00] "GET / HTTP/1.1" 200 -
INFO:werkzeug:127.0.0.1 - - [19/Apr/2026 17:28:00] "GET /teams?league=premier_league HTTP/1.1" 200 -
INFO:werkzeug:127.0.0.1 - - [19/Apr/2026 17:28:00] "GET /accuracy HTTP/1.1" 200 -
INFO:werkzeug:127.0.0.1 - - [19/Apr/2026 17:28:00] "GET /schedules HTTP/1.1" 200 -
INFO:werkzeug:127.0.0.1 - - [19/Apr/2026 17:28:00] "GET /predictions HTTP/1.1" 200 -
INFO:werkzeug:127.0.0.1 - - [19/Apr/2026 17:28:00] "[33mGET /@vite/client HTTP/1.1[0m" 404 -
INFO:werkzeug:127.0.0.1 - - [19/Apr/2026 17:29:41] "GET / HTTP/1.1" 200 -
INFO:werkzeug:127.0.0.1 - - [19/Apr/2026 17:29:41] "GET /predictions HTTP/1.1" 200 -
INFO:werkzeug:127.0.0.1 - - [19/Apr/2026 17:29:41] "GET /schedules HTTP/1.1" 200 -
INFO:werkzeug:127.0.0.1 - - [19/Apr/2026 17:29:41] "GET /teams?league=premier_league HTTP/1.1" 200 -
INFO:werkzeug:127.0.0.1 - - [19/Apr/2026 17:29:41] "GET /accuracy HTTP/1.1" 200 -
INFO:werkzeug:127.0.0.1 - - [19/Apr/2026 17:29:41] "[33mGET /favicon.ico HTTP/1.1[0m" 404 -
ERROR:root:sporttery_realtime: 获取赔率数据失败: No module named 'browser_use'
INFO:werkzeug:127.0.0.1 - - [19/Apr/2026 17:30:08] "POST /predict_match HTTP/1.1" 200 -
INFO:werkzeug: * Detected change in '/Users/lin/trae_projects/europe_leagues/dongqiudi_scraper.py', reloading
INFO:werkzeug: * Restarting with stat
INFO:__main__:开始预测: 切尔西 vs 曼联 (premier_league)
INFO:__main__:预测完成: 切尔西 vs 曼联 -> 主胜 (51.4%)
INFO:__main__:开始预测: 利物浦 vs 阿森纳 (premier_league)
INFO:__main__:预测完成: 利物浦 vs 阿森纳 -> 主胜 (51.4%)
INFO:__main__:开始预测: 曼城 vs 阿斯顿维拉 (premier_league)
INFO:__main__:预测完成: 曼城 vs 阿斯顿维拉 -> 主胜 (51.4%)
INFO:__main__:开始预测: 诺丁汉森林 vs 布莱顿 (premier_league)
INFO:__main__:预测完成: 诺丁汉森林 vs 布莱顿 -> 主胜 (51.4%)
INFO:__main__:开始预测: 布伦特福德 vs 富勒姆 (premier_league)
INFO:__main__:预测完成: 布伦特福德 vs 富勒姆 -> 主胜 (51.4%)
INFO:__main__:生成预测报告: /Users/bytedance/trae_projects/europe_leagues/premier_league/analysis/predictions/2026-04-20_predictions_enhanced.md
INFO:__main__:开始预测: 切尔西 vs 曼联 (premier_league)
INFO:__main__:预测完成: 切尔西 vs 曼联 -> 主胜 (51.4%)
INFO:__main__:开始预测: 利物浦 vs 阿森纳 (premier_league)
INFO:__main__:预测完成: 利物浦 vs 阿森纳 -> 主胜 (51.4%)
INFO:__main__:开始预测: 曼城 vs 阿斯顿维拉 (premier_league)
INFO:__main__:预测完成: 曼城 vs 阿斯顿维拉 -> 主胜 (51.4%)
INFO:__main__:开始预测: 诺丁汉森林 vs 布莱顿 (premier_league)
INFO:__main__:预测完成: 诺丁汉森林 vs 布莱顿 -> 主胜 (51.4%)
INFO:__main__:开始预测: 布伦特福德 vs 富勒姆 (premier_league)
INFO:__main__:预测完成: 布伦特福德 vs 富勒姆 -> 主胜 (51.4%)
INFO:__main__:生成预测报告: /Users/bytedance/trae_projects/europe_leagues/premier_league/analysis/predictions/2026-04-21_predictions_enhanced.md
INFO:__main__:开始预测: 切尔西 vs 曼联 (premier_league)
INFO:__main__:预测完成: 切尔西 vs 曼联 -> 主胜 (51.4%)
INFO:__main__:开始预测: 利物浦 vs 阿森纳 (premier_league)
INFO:__main__:预测完成: 利物浦 vs 阿森纳 -> 主胜 (51.4%)
INFO:__main__:开始预测: 曼城 vs 阿斯顿维拉 (premier_league)
INFO:__main__:预测完成: 曼城 vs 阿斯顿维拉 -> 主胜 (51.4%)
INFO:__main__:开始预测: 诺丁汉森林 vs 布莱顿 (premier_league)
INFO:__main__:预测完成: 诺丁汉森林 vs 布莱顿 -> 主胜 (51.4%)
INFO:__main__:开始预测: 布伦特福德 vs 富勒姆 (premier_league)
INFO:__main__:预测完成: 布伦特福德 vs 富勒姆 -> 主胜 (51.4%)
INFO:__main__:生成预测报告: /Users/bytedance/trae_projects/europe_leagues/premier_league/analysis/predictions/2026-04-22_predictions_enhanced.md
INFO:__main__:开始预测: 国际米兰 vs AC米兰 (serie_a)
INFO:__main__:预测完成: 国际米兰 vs AC米兰 -> 主胜 (51.5%)
INFO:__main__:开始预测: 尤文图斯 vs 那不勒斯 (serie_a)
INFO:__main__:预测完成: 尤文图斯 vs 那不勒斯 -> 主胜 (51.5%)
INFO:__main__:开始预测: 罗马 vs 亚特兰大 (serie_a)
INFO:__main__:预测完成: 罗马 vs 亚特兰大 -> 主胜 (51.5%)
INFO:__main__:开始预测: 拉齐奥 vs 佛罗伦萨 (serie_a)
INFO:__main__:预测完成: 拉齐奥 vs 佛罗伦萨 -> 主胜 (51.5%)
INFO:__main__:开始预测: 博洛尼亚 vs 乌迪内斯 (serie_a)
INFO:__main__:预测完成: 博洛尼亚 vs 乌迪内斯 -> 主胜 (51.5%)
INFO:__main__:生成预测报告: /Users/bytedance/trae_projects/europe_leagues/serie_a/analysis/predictions/2026-04-20_predictions_enhanced.md
INFO:__main__:开始预测: 国际米兰 vs AC米兰 (serie_a)
INFO:__main__:预测完成: 国际米兰 vs AC米兰 -> 主胜 (51.5%)
INFO:__main__:开始预测: 尤文图斯 vs 那不勒斯 (serie_a)
INFO:__main__:预测完成: 尤文图斯 vs 那不勒斯 -> 主胜 (51.5%)
INFO:__main__:开始预测: 罗马 vs 亚特兰大 (serie_a)
INFO:__main__:预测完成: 罗马 vs 亚特兰大 -> 主胜 (51.5%)
INFO:__main__:开始预测: 拉齐奥 vs 佛罗伦萨 (serie_a)
INFO:__main__:预测完成: 拉齐奥 vs 佛罗伦萨 -> 主胜 (51.5%)
INFO:__main__:开始预测: 博洛尼亚 vs 乌迪内斯 (serie_a)
INFO:__main__:预测完成: 博洛尼亚 vs 乌迪内斯 -> 主胜 (51.5%)
INFO:__main__:生成预测报告: /Users/bytedance/trae_projects/europe_leagues/serie_a/analysis/predictions/2026-04-21_predictions_enhanced.md
INFO:__main__:开始预测: 国际米兰 vs AC米兰 (serie_a)
INFO:__main__:预测完成: 国际米兰 vs AC米兰 -> 主胜 (51.5%)
INFO:__main__:开始预测: 尤文图斯 vs 那不勒斯 (serie_a)
INFO:__main__:预测完成: 尤文图斯 vs 那不勒斯 -> 主胜 (51.5%)
INFO:__main__:开始预测: 罗马 vs 亚特兰大 (serie_a)
INFO:__main__:预测完成: 罗马 vs 亚特兰大 -> 主胜 (51.5%)
INFO:__main__:开始预测: 拉齐奥 vs 佛罗伦萨 (serie_a)
INFO:__main__:预测完成: 拉齐奥 vs 佛罗伦萨 -> 主胜 (51.5%)
INFO:__main__:开始预测: 博洛尼亚 vs 乌迪内斯 (serie_a)
INFO:__main__:预测完成: 博洛尼亚 vs 乌迪内斯 -> 主胜 (51.5%)
INFO:__main__:生成预测报告: /Users/bytedance/trae_projects/europe_leagues/serie_a/analysis/predictions/2026-04-22_predictions_enhanced.md
INFO:__main__:开始预测: 拜仁慕尼黑 vs 多特蒙德 (bundesliga)
INFO:__main__:预测完成: 拜仁慕尼黑 vs 多特蒙德 -> 主胜 (51.4%)
INFO:__main__:开始预测: 勒沃库森 vs 斯图加特 (bundesliga)
INFO:__main__:预测完成: 勒沃库森 vs 斯图加特 -> 主胜 (51.4%)
INFO:__main__:开始预测: 柏林联合 vs 霍芬海姆 (bundesliga)
INFO:__main__:预测完成: 柏林联合 vs 霍芬海姆 -> 主胜 (51.4%)
INFO:__main__:开始预测: 法兰克福 vs 门兴格拉德巴赫 (bundesliga)
INFO:__main__:预测完成: 法兰克福 vs 门兴格拉德巴赫 -> 主胜 (51.4%)
INFO:__main__:开始预测: 沃尔夫斯堡 vs 美因茨 (bundesliga)
INFO:__main__:预测完成: 沃尔夫斯堡 vs 美因茨 -> 主胜 (51.4%)
INFO:__main__:生成预测报告: /Users/bytedance/trae_projects/europe_leagues/bundesliga/analysis/predictions/2026-04-20_predictions_enhanced.md
INFO:__main__:开始预测: 拜仁慕尼黑 vs 多特蒙德 (bundesliga)
INFO:__main__:预测完成: 拜仁慕尼黑 vs 多特蒙德 -> 主胜 (51.4%)
INFO:__main__:开始预测: 勒沃库森 vs 斯图加特 (bundesliga)
INFO:__main__:预测完成: 勒沃库森 vs 斯图加特 -> 主胜 (51.4%)
INFO:__main__:开始预测: 柏林联合 vs 霍芬海姆 (bundesliga)
INFO:__main__:预测完成: 柏林联合 vs 霍芬海姆 -> 主胜 (51.4%)
INFO:__main__:开始预测: 法兰克福 vs 门兴格拉德巴赫 (bundesliga)
INFO:__main__:预测完成: 法兰克福 vs 门兴格拉德巴赫 -> 主胜 (51.4%)
INFO:__main__:开始预测: 沃尔夫斯堡 vs 美因茨 (bundesliga)
INFO:__main__:预测完成: 沃尔夫斯堡 vs 美因茨 -> 主胜 (51.4%)
INFO:__main__:生成预测报告: /Users/bytedance/trae_projects/europe_leagues/bundesliga/analysis/predictions/2026-04-21_predictions_enhanced.md
INFO:__main__:开始预测: 拜仁慕尼黑 vs 多特蒙德 (bundesliga)
INFO:__main__:预测完成: 拜仁慕尼黑 vs 多特蒙德 -> 主胜 (51.4%)
INFO:__main__:开始预测: 勒沃库森 vs 斯图加特 (bundesliga)
INFO:__main__:预测完成: 勒沃库森 vs 斯图加特 -> 主胜 (51.4%)
INFO:__main__:开始预测: 柏林联合 vs 霍芬海姆 (bundesliga)
INFO:__main__:预测完成: 柏林联合 vs 霍芬海姆 -> 主胜 (51.4%)
INFO:__main__:开始预测: 法兰克福 vs 门兴格拉德巴赫 (bundesliga)
INFO:__main__:预测完成: 法兰克福 vs 门兴格拉德巴赫 -> 主胜 (51.4%)
INFO:__main__:开始预测: 沃尔夫斯堡 vs 美因茨 (bundesliga)
INFO:__main__:预测完成: 沃尔夫斯堡 vs 美因茨 -> 主胜 (51.4%)
INFO:__main__:生成预测报告: /Users/bytedance/trae_projects/europe_leagues/bundesliga/analysis/predictions/2026-04-22_predictions_enhanced.md
INFO:__main__:开始预测: 巴黎圣日耳曼 vs 马赛 (ligue_1)
INFO:__main__:预测完成: 巴黎圣日耳曼 vs 马赛 -> 主胜 (51.5%)
INFO:__main__:开始预测: 摩纳哥 vs 里尔 (ligue_1)
INFO:__main__:预测完成: 摩纳哥 vs 里尔 -> 主胜 (51.5%)
INFO:__main__:开始预测: 里昂 vs 朗斯 (ligue_1)
INFO:__main__:预测完成: 里昂 vs 朗斯 -> 主胜 (51.5%)
INFO:__main__:开始预测: 雷恩 vs 尼斯 (ligue_1)
INFO:__main__:预测完成: 雷恩 vs 尼斯 -> 主胜 (51.5%)
INFO:__main__:开始预测: 洛里昂 vs 斯特拉斯堡 (ligue_1)
INFO:__main__:预测完成: 洛里昂 vs 斯特拉斯堡 -> 主胜 (51.5%)
INFO:__main__:生成预测报告: /Users/bytedance/trae_projects/europe_leagues/ligue_1/analysis/predictions/2026-04-20_predictions_enhanced.md
INFO:__main__:开始预测: 巴黎圣日耳曼 vs 马赛 (ligue_1)
INFO:__main__:预测完成: 巴黎圣日耳曼 vs 马赛 -> 主胜 (51.5%)
INFO:__main__:开始预测: 摩纳哥 vs 里尔 (ligue_1)
INFO:__main__:预测完成: 摩纳哥 vs 里尔 -> 主胜 (51.5%)
INFO:__main__:开始预测: 里昂 vs 朗斯 (ligue_1)
INFO:__main__:预测完成: 里昂 vs 朗斯 -> 主胜 (51.5%)
INFO:__main__:开始预测: 雷恩 vs 尼斯 (ligue_1)
INFO:__main__:预测完成: 雷恩 vs 尼斯 -> 主胜 (51.5%)
INFO:__main__:开始预测: 洛里昂 vs 斯特拉斯堡 (ligue_1)
INFO:__main__:预测完成: 洛里昂 vs 斯特拉斯堡 -> 主胜 (51.5%)
INFO:__main__:生成预测报告: /Users/bytedance/trae_projects/europe_leagues/ligue_1/analysis/predictions/2026-04-21_predictions_enhanced.md
INFO:__main__:开始预测: 巴黎圣日耳曼 vs 马赛 (ligue_1)
INFO:__main__:预测完成: 巴黎圣日耳曼 vs 马赛 -> 主胜 (51.5%)
INFO:__main__:开始预测: 摩纳哥 vs 里尔 (ligue_1)
INFO:__main__:预测完成: 摩纳哥 vs 里尔 -> 主胜 (51.5%)
INFO:__main__:开始预测: 里昂 vs 朗斯 (ligue_1)
INFO:__main__:预测完成: 里昂 vs 朗斯 -> 主胜 (51.5%)
INFO:__main__:开始预测: 雷恩 vs 尼斯 (ligue_1)
INFO:__main__:预测完成: 雷恩 vs 尼斯 -> 主胜 (51.5%)
INFO:__main__:开始预测: 洛里昂 vs 斯特拉斯堡 (ligue_1)
INFO:__main__:预测完成: 洛里昂 vs 斯特拉斯堡 -> 主胜 (51.5%)
INFO:__main__:生成预测报告: /Users/bytedance/trae_projects/europe_leagues/ligue_1/analysis/predictions/2026-04-22_predictions_enhanced.md
INFO:__main__:开始预测: 巴塞罗那 vs 皇家马德里 (la_liga)
INFO:__main__:预测完成: 巴塞罗那 vs 皇家马德里 -> 主胜 (51.5%)
INFO:__main__:开始预测: 马德里竞技 vs 塞维利亚 (la_liga)
INFO:__main__:预测完成: 马德里竞技 vs 塞维利亚 -> 主胜 (51.5%)
INFO:__main__:开始预测: 皇家社会 vs 比利亚雷亚尔 (la_liga)
INFO:__main__:预测完成: 皇家社会 vs 比利亚雷亚尔 -> 主胜 (51.5%)
INFO:__main__:开始预测: 贝蒂斯 vs 瓦伦西亚 (la_liga)
INFO:__main__:预测完成: 贝蒂斯 vs 瓦伦西亚 -> 主胜 (51.5%)
INFO:__main__:开始预测: 毕尔巴鄂竞技 vs 奥萨苏纳 (la_liga)
INFO:__main__:预测完成: 毕尔巴鄂竞技 vs 奥萨苏纳 -> 主胜 (51.5%)
INFO:__main__:生成预测报告: /Users/bytedance/trae_projects/europe_leagues/la_liga/analysis/predictions/2026-04-20_predictions_enhanced.md
INFO:__main__:开始预测: 巴塞罗那 vs 皇家马德里 (la_liga)
INFO:__main__:预测完成: 巴塞罗那 vs 皇家马德里 -> 主胜 (51.5%)
INFO:__main__:开始预测: 马德里竞技 vs 塞维利亚 (la_liga)
INFO:__main__:预测完成: 马德里竞技 vs 塞维利亚 -> 主胜 (51.5%)
INFO:__main__:开始预测: 皇家社会 vs 比利亚雷亚尔 (la_liga)
INFO:__main__:预测完成: 皇家社会 vs 比利亚雷亚尔 -> 主胜 (51.5%)
INFO:__main__:开始预测: 贝蒂斯 vs 瓦伦西亚 (la_liga)
INFO:__main__:预测完成: 贝蒂斯 vs 瓦伦西亚 -> 主胜 (51.5%)
INFO:__main__:开始预测: 毕尔巴鄂竞技 vs 奥萨苏纳 (la_liga)
INFO:__main__:预测完成: 毕尔巴鄂竞技 vs 奥萨苏纳 -> 主胜 (51.5%)
INFO:__main__:生成预测报告: /Users/bytedance/trae_projects/europe_leagues/la_liga/analysis/predictions/2026-04-21_predictions_enhanced.md
INFO:__main__:开始预测: 巴塞罗那 vs 皇家马德里 (la_liga)
INFO:__main__:预测完成: 巴塞罗那 vs 皇家马德里 -> 主胜 (51.5%)
INFO:__main__:开始预测: 马德里竞技 vs 塞维利亚 (la_liga)
INFO:__main__:预测完成: 马德里竞技 vs 塞维利亚 -> 主胜 (51.5%)
INFO:__main__:开始预测: 皇家社会 vs 比利亚雷亚尔 (la_liga)
INFO:__main__:预测完成: 皇家社会 vs 比利亚雷亚尔 -> 主胜 (51.5%)
INFO:__main__:开始预测: 贝蒂斯 vs 瓦伦西亚 (la_liga)
INFO:__main__:预测完成: 贝蒂斯 vs 瓦伦西亚 -> 主胜 (51.5%)
INFO:__main__:开始预测: 毕尔巴鄂竞技 vs 奥萨苏纳 (la_liga)
INFO:__main__:预测完成: 毕尔巴鄂竞技 vs 奥萨苏纳 -> 主胜 (51.5%)
INFO:__main__:生成预测报告: /Users/bytedance/trae_projects/europe_leagues/la_liga/analysis/predictions/2026-04-22_predictions_enhanced.md
INFO:__main__:使用缓存预测: 切尔西 vs 曼联
INFO:__main__:使用缓存预测: 利物浦 vs 阿森纳
INFO:__main__:使用缓存预测: 曼城 vs 阿斯顿维拉
INFO:__main__:使用缓存预测: 诺丁汉森林 vs 布莱顿
INFO:__main__:使用缓存预测: 布伦特福德 vs 富勒姆
INFO:__main__:生成预测报告: /Users/bytedance/trae_projects/europe_leagues/premier_league/analysis/predictions/2026-04-20_predictions_enhanced.md
INFO:result_manager:保存预测: premier_league_20260420_切尔西_曼联
INFO:result_manager:保存预测: premier_league_20260420_利物浦_阿森纳
INFO:result_manager:保存预测: premier_league_20260420_曼城_阿斯顿维拉
INFO:result_manager:保存预测: premier_league_20260420_诺丁汉森林_布莱顿
INFO:result_manager:保存预测: premier_league_20260420_布伦特福德_富勒姆
INFO:__main__:预测已保存到历史数据库
INFO:result_manager:准确率统计已更新
INFO:__main__:使用缓存预测: 切尔西 vs 曼联
INFO:__main__:使用缓存预测: 利物浦 vs 阿森纳
INFO:__main__:使用缓存预测: 曼城 vs 阿斯顿维拉
INFO:__main__:使用缓存预测: 诺丁汉森林 vs 布莱顿
INFO:__main__:使用缓存预测: 布伦特福德 vs 富勒姆
INFO:__main__:生成预测报告: /Users/bytedance/trae_projects/europe_leagues/premier_league/analysis/predictions/2026-04-21_predictions_enhanced.md
INFO:result_manager:保存预测: premier_league_20260421_切尔西_曼联
INFO:result_manager:保存预测: premier_league_20260421_利物浦_阿森纳
INFO:result_manager:保存预测: premier_league_20260421_曼城_阿斯顿维拉
INFO:result_manager:保存预测: premier_league_20260421_诺丁汉森林_布莱顿
INFO:result_manager:保存预测: premier_league_20260421_布伦特福德_富勒姆
INFO:__main__:预测已保存到历史数据库
INFO:result_manager:准确率统计已更新
INFO:__main__:使用缓存预测: 切尔西 vs 曼联
INFO:__main__:使用缓存预测: 利物浦 vs 阿森纳
INFO:__main__:使用缓存预测: 曼城 vs 阿斯顿维拉
INFO:__main__:使用缓存预测: 诺丁汉森林 vs 布莱顿
INFO:__main__:使用缓存预测: 布伦特福德 vs 富勒姆
INFO:__main__:生成预测报告: /Users/bytedance/trae_projects/europe_leagues/premier_league/analysis/predictions/2026-04-22_predictions_enhanced.md
INFO:result_manager:保存预测: premier_league_20260422_切尔西_曼联
INFO:result_manager:保存预测: premier_league_20260422_利物浦_阿森纳
INFO:result_manager:保存预测: premier_league_20260422_曼城_阿斯顿维拉
INFO:result_manager:保存预测: premier_league_20260422_诺丁汉森林_布莱顿
INFO:result_manager:保存预测: premier_league_20260422_布伦特福德_富勒姆
INFO:__main__:预测已保存到历史数据库
INFO:result_manager:准确率统计已更新
INFO:__main__:使用缓存预测: 国际米兰 vs AC米兰
INFO:__main__:使用缓存预测: 尤文图斯 vs 那不勒斯
INFO:__main__:使用缓存预测: 罗马 vs 亚特兰大
INFO:__main__:使用缓存预测: 拉齐奥 vs 佛罗伦萨
INFO:__main__:使用缓存预测: 博洛尼亚 vs 乌迪内斯
INFO:__main__:生成预测报告: /Users/bytedance/trae_projects/europe_leagues/serie_a/analysis/predictions/2026-04-20_predictions_enhanced.md
INFO:result_manager:保存预测: serie_a_20260420_国际米兰_AC米兰
INFO:result_manager:保存预测: serie_a_20260420_尤文图斯_那不勒斯
INFO:result_manager:保存预测: serie_a_20260420_罗马_亚特兰大
INFO:result_manager:保存预测: serie_a_20260420_拉齐奥_佛罗伦萨
INFO:result_manager:保存预测: serie_a_20260420_博洛尼亚_乌迪内斯
INFO:__main__:预测已保存到历史数据库
INFO:result_manager:准确率统计已更新
INFO:__main__:使用缓存预测: 国际米兰 vs AC米兰
INFO:__main__:使用缓存预测: 尤文图斯 vs 那不勒斯
INFO:__main__:使用缓存预测: 罗马 vs 亚特兰大
INFO:__main__:使用缓存预测: 拉齐奥 vs 佛罗伦萨
INFO:__main__:使用缓存预测: 博洛尼亚 vs 乌迪内斯
INFO:__main__:生成预测报告: /Users/bytedance/trae_projects/europe_leagues/serie_a/analysis/predictions/2026-04-21_predictions_enhanced.md
INFO:result_manager:保存预测: serie_a_20260421_国际米兰_AC米兰
INFO:result_manager:保存预测: serie_a_20260421_尤文图斯_那不勒斯
INFO:result_manager:保存预测: serie_a_20260421_罗马_亚特兰大
INFO:result_manager:保存预测: serie_a_20260421_拉齐奥_佛罗伦萨
INFO:result_manager:保存预测: serie_a_20260421_博洛尼亚_乌迪内斯
INFO:__main__:预测已保存到历史数据库
INFO:result_manager:准确率统计已更新
INFO:__main__:使用缓存预测: 国际米兰 vs AC米兰
INFO:__main__:使用缓存预测: 尤文图斯 vs 那不勒斯
INFO:__main__:使用缓存预测: 罗马 vs 亚特兰大
INFO:__main__:使用缓存预测: 拉齐奥 vs 佛罗伦萨
INFO:__main__:使用缓存预测: 博洛尼亚 vs 乌迪内斯
INFO:__main__:生成预测报告: /Users/bytedance/trae_projects/europe_leagues/serie_a/analysis/predictions/2026-04-22_predictions_enhanced.md
INFO:result_manager:保存预测: serie_a_20260422_国际米兰_AC米兰
INFO:result_manager:保存预测: serie_a_20260422_尤文图斯_那不勒斯
INFO:result_manager:保存预测: serie_a_20260422_罗马_亚特兰大
INFO:result_manager:保存预测: serie_a_20260422_拉齐奥_佛罗伦萨
INFO:result_manager:保存预测: serie_a_20260422_博洛尼亚_乌迪内斯
INFO:__main__:预测已保存到历史数据库
INFO:result_manager:准确率统计已更新
INFO:__main__:使用缓存预测: 拜仁慕尼黑 vs 多特蒙德
INFO:__main__:使用缓存预测: 勒沃库森 vs 斯图加特
INFO:__main__:使用缓存预测: 柏林联合 vs 霍芬海姆
INFO:__main__:使用缓存预测: 法兰克福 vs 门兴格拉德巴赫
INFO:__main__:使用缓存预测: 沃尔夫斯堡 vs 美因茨
INFO:__main__:生成预测报告: /Users/bytedance/trae_projects/europe_leagues/bundesliga/analysis/predictions/2026-04-20_predictions_enhanced.md
INFO:result_manager:保存预测: bundesliga_20260420_拜仁慕尼黑_多特蒙德
INFO:result_manager:保存预测: bundesliga_20260420_勒沃库森_斯图加特
INFO:result_manager:保存预测: bundesliga_20260420_柏林联合_霍芬海姆
INFO:result_manager:保存预测: bundesliga_20260420_法兰克福_门兴格拉德巴赫
INFO:result_manager:保存预测: bundesliga_20260420_沃尔夫斯堡_美因茨
INFO:__main__:预测已保存到历史数据库
INFO:result_manager:准确率统计已更新
INFO:__main__:使用缓存预测: 拜仁慕尼黑 vs 多特蒙德
INFO:__main__:使用缓存预测: 勒沃库森 vs 斯图加特
INFO:__main__:使用缓存预测: 柏林联合 vs 霍芬海姆
INFO:__main__:使用缓存预测: 法兰克福 vs 门兴格拉德巴赫
INFO:__main__:使用缓存预测: 沃尔夫斯堡 vs 美因茨
INFO:__main__:生成预测报告: /Users/bytedance/trae_projects/europe_leagues/bundesliga/analysis/predictions/2026-04-21_predictions_enhanced.md
INFO:result_manager:保存预测: bundesliga_20260421_拜仁慕尼黑_多特蒙德
INFO:result_manager:保存预测: bundesliga_20260421_勒沃库森_斯图加特
INFO:result_manager:保存预测: bundesliga_20260421_柏林联合_霍芬海姆
INFO:result_manager:保存预测: bundesliga_20260421_法兰克福_门兴格拉德巴赫
INFO:result_manager:保存预测: bundesliga_20260421_沃尔夫斯堡_美因茨
INFO:__main__:预测已保存到历史数据库
INFO:result_manager:准确率统计已更新
INFO:__main__:使用缓存预测: 拜仁慕尼黑 vs 多特蒙德
INFO:__main__:使用缓存预测: 勒沃库森 vs 斯图加特
INFO:__main__:使用缓存预测: 柏林联合 vs 霍芬海姆
INFO:__main__:使用缓存预测: 法兰克福 vs 门兴格拉德巴赫
INFO:__main__:使用缓存预测: 沃尔夫斯堡 vs 美因茨
INFO:__main__:生成预测报告: /Users/bytedance/trae_projects/europe_leagues/bundesliga/analysis/predictions/2026-04-22_predictions_enhanced.md
INFO:result_manager:保存预测: bundesliga_20260422_拜仁慕尼黑_多特蒙德
INFO:result_manager:保存预测: bundesliga_20260422_勒沃库森_斯图加特
INFO:result_manager:保存预测: bundesliga_20260422_柏林联合_霍芬海姆
INFO:result_manager:保存预测: bundesliga_20260422_法兰克福_门兴格拉德巴赫
INFO:result_manager:保存预测: bundesliga_20260422_沃尔夫斯堡_美因茨
INFO:__main__:预测已保存到历史数据库
INFO:result_manager:准确率统计已更新
INFO:__main__:使用缓存预测: 巴黎圣日耳曼 vs 马赛
INFO:__main__:使用缓存预测: 摩纳哥 vs 里尔
INFO:__main__:使用缓存预测: 里昂 vs 朗斯
INFO:__main__:使用缓存预测: 雷恩 vs 尼斯
INFO:__main__:使用缓存预测: 洛里昂 vs 斯特拉斯堡
INFO:__main__:生成预测报告: /Users/bytedance/trae_projects/europe_leagues/ligue_1/analysis/predictions/2026-04-20_predictions_enhanced.md
INFO:result_manager:保存预测: ligue_1_20260420_巴黎圣日耳曼_马赛
INFO:result_manager:保存预测: ligue_1_20260420_摩纳哥_里尔
INFO:result_manager:保存预测: ligue_1_20260420_里昂_朗斯
INFO:result_manager:保存预测: ligue_1_20260420_雷恩_尼斯
INFO:result_manager:保存预测: ligue_1_20260420_洛里昂_斯特拉斯堡
INFO:__main__:预测已保存到历史数据库
INFO:result_manager:准确率统计已更新
INFO:__main__:使用缓存预测: 巴黎圣日耳曼 vs 马赛
INFO:__main__:使用缓存预测: 摩纳哥 vs 里尔
INFO:__main__:使用缓存预测: 里昂 vs 朗斯
INFO:__main__:使用缓存预测: 雷恩 vs 尼斯
INFO:__main__:使用缓存预测: 洛里昂 vs 斯特拉斯堡
INFO:__main__:生成预测报告: /Users/bytedance/trae_projects/europe_leagues/ligue_1/analysis/predictions/2026-04-21_predictions_enhanced.md
INFO:result_manager:保存预测: ligue_1_20260421_巴黎圣日耳曼_马赛
INFO:result_manager:保存预测: ligue_1_20260421_摩纳哥_里尔
INFO:result_manager:保存预测: ligue_1_20260421_里昂_朗斯
INFO:result_manager:保存预测: ligue_1_20260421_雷恩_尼斯
INFO:result_manager:保存预测: ligue_1_20260421_洛里昂_斯特拉斯堡
INFO:__main__:预测已保存到历史数据库
INFO:result_manager:准确率统计已更新
INFO:__main__:使用缓存预测: 巴黎圣日耳曼 vs 马赛
INFO:__main__:使用缓存预测: 摩纳哥 vs 里尔
INFO:__main__:使用缓存预测: 里昂 vs 朗斯
INFO:__main__:使用缓存预测: 雷恩 vs 尼斯
INFO:__main__:使用缓存预测: 洛里昂 vs 斯特拉斯堡
INFO:__main__:生成预测报告: /Users/bytedance/trae_projects/europe_leagues/ligue_1/analysis/predictions/2026-04-22_predictions_enhanced.md
INFO:result_manager:保存预测: ligue_1_20260422_巴黎圣日耳曼_马赛
INFO:result_manager:保存预测: ligue_1_20260422_摩纳哥_里尔
INFO:result_manager:保存预测: ligue_1_20260422_里昂_朗斯
INFO:result_manager:保存预测: ligue_1_20260422_雷恩_尼斯
INFO:result_manager:保存预测: ligue_1_20260422_洛里昂_斯特拉斯堡
INFO:__main__:预测已保存到历史数据库
INFO:result_manager:准确率统计已更新
INFO:__main__:使用缓存预测: 巴塞罗那 vs 皇家马德里
INFO:__main__:使用缓存预测: 马德里竞技 vs 塞维利亚
INFO:__main__:使用缓存预测: 皇家社会 vs 比利亚雷亚尔
INFO:__main__:使用缓存预测: 贝蒂斯 vs 瓦伦西亚
INFO:__main__:使用缓存预测: 毕尔巴鄂竞技 vs 奥萨苏纳
INFO:__main__:生成预测报告: /Users/bytedance/trae_projects/europe_leagues/la_liga/analysis/predictions/2026-04-20_predictions_enhanced.md
INFO:result_manager:保存预测: la_liga_20260420_巴塞罗那_皇家马德里
INFO:result_manager:保存预测: la_liga_20260420_马德里竞技_塞维利亚
INFO:result_manager:保存预测: la_liga_20260420_皇家社会_比利亚雷亚尔
INFO:result_manager:保存预测: la_liga_20260420_贝蒂斯_瓦伦西亚
INFO:result_manager:保存预测: la_liga_20260420_毕尔巴鄂竞技_奥萨苏纳
INFO:__main__:预测已保存到历史数据库
INFO:result_manager:准确率统计已更新
INFO:__main__:使用缓存预测: 巴塞罗那 vs 皇家马德里
INFO:__main__:使用缓存预测: 马德里竞技 vs 塞维利亚
INFO:__main__:使用缓存预测: 皇家社会 vs 比利亚雷亚尔
INFO:__main__:使用缓存预测: 贝蒂斯 vs 瓦伦西亚
INFO:__main__:使用缓存预测: 毕尔巴鄂竞技 vs 奥萨苏纳
INFO:__main__:生成预测报告: /Users/bytedance/trae_projects/europe_leagues/la_liga/analysis/predictions/2026-04-21_predictions_enhanced.md
INFO:result_manager:保存预测: la_liga_20260421_巴塞罗那_皇家马德里
INFO:result_manager:保存预测: la_liga_20260421_马德里竞技_塞维利亚
INFO:result_manager:保存预测: la_liga_20260421_皇家社会_比利亚雷亚尔
INFO:result_manager:保存预测: la_liga_20260421_贝蒂斯_瓦伦西亚
INFO:result_manager:保存预测: la_liga_20260421_毕尔巴鄂竞技_奥萨苏纳
INFO:__main__:预测已保存到历史数据库
INFO:result_manager:准确率统计已更新
INFO:__main__:使用缓存预测: 巴塞罗那 vs 皇家马德里
INFO:__main__:使用缓存预测: 马德里竞技 vs 塞维利亚
INFO:__main__:使用缓存预测: 皇家社会 vs 比利亚雷亚尔
INFO:__main__:使用缓存预测: 贝蒂斯 vs 瓦伦西亚
INFO:__main__:使用缓存预测: 毕尔巴鄂竞技 vs 奥萨苏纳
INFO:__main__:生成预测报告: /Users/bytedance/trae_projects/europe_leagues/la_liga/analysis/predictions/2026-04-22_predictions_enhanced.md
INFO:result_manager:保存预测: la_liga_20260422_巴塞罗那_皇家马德里
INFO:result_manager:保存预测: la_liga_20260422_马德里竞技_塞维利亚
INFO:result_manager:保存预测: la_liga_20260422_皇家社会_比利亚雷亚尔
INFO:result_manager:保存预测: la_liga_20260422_贝蒂斯_瓦伦西亚
INFO:result_manager:保存预测: la_liga_20260422_毕尔巴鄂竞技_奥萨苏纳
INFO:__main__:预测已保存到历史数据库
INFO:result_manager:准确率统计已更新
INFO:enhanced_prediction_workflow:使用缓存预测: 切尔西 vs 曼联
INFO:enhanced_prediction_workflow:开始预测: 巴黎圣日耳曼 vs 里昂 (ligue_1)
INFO:enhanced_prediction_workflow:预测完成: 巴黎圣日耳曼 vs 里昂 -> 主胜 (51.5%)
INFO:enhanced_prediction_workflow:开始预测: 巴黎圣日耳曼 vs 里昂 (ligue_1)
INFO:enhanced_prediction_workflow:预测完成: 巴黎圣日耳曼 vs 里昂 -> 主胜 (51.5%)
INFO:enhanced_prediction_workflow:开始预测: 巴黎圣日耳曼 vs 里昂 (ligue_1)
INFO:enhanced_prediction_workflow:预测完成: 巴黎圣日耳曼 vs 里昂 -> 主胜 (51.9%)
INFO:enhanced_prediction_workflow:生成预测报告: /Users/bytedance/trae_projects/europe_leagues/ligue_1/analysis/predictions/2026-04-20_predictions_enhanced.md
INFO:result_manager:保存预测: ligue_1_20260420_巴黎圣日耳曼_里昂
INFO:enhanced_prediction_workflow:预测已保存到历史数据库
INFO:result_manager:准确率统计已更新
INFO:enhanced_prediction_workflow:使用缓存预测: 巴黎圣日耳曼 vs 里昂
INFO:enhanced_prediction_workflow:生成预测报告: /Users/bytedance/trae_projects/europe_leagues/ligue_1/analysis/predictions/2026-04-20_predictions_enhanced.md
INFO:result_manager:保存预测: ligue_1_20260420_巴黎圣日耳曼_里昂
INFO:enhanced_prediction_workflow:预测已保存到历史数据库
INFO:result_manager:准确率统计已更新
INFO:enhanced_prediction_workflow:使用缓存预测: 巴黎圣日耳曼 vs 里昂
INFO:enhanced_prediction_workflow:开始预测: 巴黎圣日耳曼 vs 里昂 (ligue_1)
INFO:enhanced_prediction_workflow:预测完成: 巴黎圣日耳曼 vs 里昂 -> 主胜 (51.5%)
INFO:enhanced_prediction_workflow:开始预测: 布伦特福德 vs 富勒姆 (premier_league)
INFO:enhanced_prediction_workflow:预测完成: 布伦特福德 vs 富勒姆 -> 主胜 (51.4%)
INFO:enhanced_prediction_workflow:开始预测: 纽卡斯尔 vs 伯恩茅斯 (premier_league)
INFO:enhanced_prediction_workflow:预测完成: 纽卡斯尔 vs 伯恩茅斯 -> 主胜 (51.4%)
INFO:enhanced_prediction_workflow:开始预测: 利兹联 vs 狼队 (premier_league)
INFO:enhanced_prediction_workflow:预测完成: 利兹联 vs 狼队 -> 主胜 (51.4%)
INFO:enhanced_prediction_workflow:生成预测报告: /Users/bytedance/trae_projects/europe_leagues/premier_league/analysis/predictions/2026-04-18_predictions_enhanced.md
INFO:result_manager:保存预测: premier_league_20260418_布伦特福德_富勒姆
INFO:result_manager:保存预测: premier_league_20260418_纽卡斯尔_伯恩茅斯
INFO:result_manager:保存预测: premier_league_20260418_利兹联_狼队
INFO:enhanced_prediction_workflow:预测已保存到历史数据库
INFO:result_manager:准确率统计已更新
INFO:enhanced_prediction_workflow:开始预测: A vs B (premier_league)
INFO:enhanced_prediction_workflow:预测完成: A vs B -> 主胜 (51.4%)
INFO:enhanced_prediction_workflow:开始预测: A vs B (la_liga)
INFO:enhanced_prediction_workflow:预测完成: A vs B -> 主胜 (51.5%)
INFO:enhanced_prediction_workflow:开始预测: A vs B (bundesliga)
INFO:enhanced_prediction_workflow:预测完成: A vs B -> 主胜 (51.4%)
INFO:enhanced_prediction_workflow:开始预测: A vs B (serie_a)
INFO:enhanced_prediction_workflow:预测完成: A vs B -> 主胜 (51.5%)
INFO:enhanced_prediction_workflow:开始预测: A vs B (ligue_1)
INFO:enhanced_prediction_workflow:预测完成: A vs B -> 主胜 (51.5%)
INFO:enhanced_prediction_workflow:开始预测: A vs B (ligue_1)
INFO:enhanced_prediction_workflow:预测完成: A vs B -> 主胜 (51.5%)
INFO:enhanced_prediction_workflow:开始预测: 里尔 vs 尼斯 (ligue_1)
INFO:enhanced_prediction_workflow:预测完成: 里尔 vs 尼斯 -> 主胜 (51.5%)
INFO:enhanced_prediction_workflow:开始预测: 摩纳哥 vs 欧塞尔 (ligue_1)
INFO:enhanced_prediction_workflow:预测完成: 摩纳哥 vs 欧塞尔 -> 主胜 (51.5%)
INFO:root:生成 法甲 2026-04-20 的预测报告: ligue_1/analysis/predictions/2026-04-20_predictions.md
INFO:enhanced_prediction_workflow:开始预测: 巴黎圣日耳曼 vs 里昂 (ligue_1)
INFO:enhanced_prediction_workflow:预测完成: 巴黎圣日耳曼 vs 里昂 -> 主胜 (51.5%)
INFO:root:生成 法甲 2026-04-20 的预测报告: ligue_1/analysis/predictions/2026-04-20_predictions.md
INFO:enhanced_prediction_workflow:开始预测: 水晶宫 vs 西汉姆联 (premier_league)
INFO:enhanced_prediction_workflow:预测完成: 水晶宫 vs 西汉姆联 -> 主胜 (51.4%)
INFO:enhanced_prediction_workflow:生成预测报告: /Users/bytedance/trae_projects/europe_leagues/premier_league/analysis/predictions/2026-04-21_predictions_enhanced.md
INFO:result_manager:保存预测: premier_league_20260421_水晶宫_西汉姆联
INFO:enhanced_prediction_workflow:预测已保存到历史数据库
INFO:result_manager:准确率统计已更新
INFO:enhanced_prediction_workflow:开始预测: 巴塞罗那 vs 皇家马德里 (la_liga)
INFO:enhanced_prediction_workflow:预测完成: 巴塞罗那 vs 皇家马德里 -> 主胜 (51.5%)
INFO:enhanced_prediction_workflow:开始预测: 马德里竞技 vs 塞维利亚 (la_liga)
INFO:enhanced_prediction_workflow:预测完成: 马德里竞技 vs 塞维利亚 -> 主胜 (51.5%)
INFO:enhanced_prediction_workflow:开始预测: 皇家社会 vs 比利亚雷亚尔 (la_liga)
INFO:enhanced_prediction_workflow:预测完成: 皇家社会 vs 比利亚雷亚尔 -> 主胜 (51.5%)
INFO:enhanced_prediction_workflow:开始预测: 贝蒂斯 vs 瓦伦西亚 (la_liga)
INFO:enhanced_prediction_workflow:预测完成: 贝蒂斯 vs 瓦伦西亚 -> 主胜 (51.5%)
INFO:enhanced_prediction_workflow:开始预测: 毕尔巴鄂竞技 vs 奥萨苏纳 (la_liga)
INFO:enhanced_prediction_workflow:预测完成: 毕尔巴鄂竞技 vs 奥萨苏纳 -> 主胜 (51.5%)
INFO:enhanced_prediction_workflow:生成预测报告: /Users/bytedance/trae_projects/europe_leagues/la_liga/analysis/predictions/2026-04-21_predictions_enhanced.md
INFO:result_manager:保存预测: la_liga_20260421_巴塞罗那_皇家马德里
INFO:result_manager:保存预测: la_liga_20260421_马德里竞技_塞维利亚
INFO:result_manager:保存预测: la_liga_20260421_皇家社会_比利亚雷亚尔
INFO:result_manager:保存预测: la_liga_20260421_贝蒂斯_瓦伦西亚
INFO:result_manager:保存预测: la_liga_20260421_毕尔巴鄂竞技_奥萨苏纳
INFO:enhanced_prediction_workflow:预测已保存到历史数据库
INFO:result_manager:准确率统计已更新
INFO:enhanced_prediction_workflow:开始预测: 拜仁慕尼黑 vs 多特蒙德 (bundesliga)
INFO:enhanced_prediction_workflow:预测完成: 拜仁慕尼黑 vs 多特蒙德 -> 主胜 (51.4%)
INFO:enhanced_prediction_workflow:开始预测: 勒沃库森 vs 斯图加特 (bundesliga)
INFO:enhanced_prediction_workflow:预测完成: 勒沃库森 vs 斯图加特 -> 主胜 (51.4%)
INFO:enhanced_prediction_workflow:开始预测: 柏林联合 vs 霍芬海姆 (bundesliga)
INFO:enhanced_prediction_workflow:预测完成: 柏林联合 vs 霍芬海姆 -> 主胜 (51.4%)
INFO:enhanced_prediction_workflow:开始预测: 法兰克福 vs 门兴格拉德巴赫 (bundesliga)
INFO:enhanced_prediction_workflow:预测完成: 法兰克福 vs 门兴格拉德巴赫 -> 主胜 (51.4%)
INFO:enhanced_prediction_workflow:开始预测: 沃尔夫斯堡 vs 美因茨 (bundesliga)
INFO:enhanced_prediction_workflow:预测完成: 沃尔夫斯堡 vs 美因茨 -> 主胜 (51.4%)
INFO:enhanced_prediction_workflow:生成预测报告: /Users/bytedance/trae_projects/europe_leagues/bundesliga/analysis/predictions/2026-04-21_predictions_enhanced.md
INFO:result_manager:保存预测: bundesliga_20260421_拜仁慕尼黑_多特蒙德
INFO:result_manager:保存预测: bundesliga_20260421_勒沃库森_斯图加特
INFO:result_manager:保存预测: bundesliga_20260421_柏林联合_霍芬海姆
INFO:result_manager:保存预测: bundesliga_20260421_法兰克福_门兴格拉德巴赫
INFO:result_manager:保存预测: bundesliga_20260421_沃尔夫斯堡_美因茨
INFO:enhanced_prediction_workflow:预测已保存到历史数据库
INFO:result_manager:准确率统计已更新
INFO:enhanced_prediction_workflow:开始预测: 莱切 vs 佛罗伦萨 (serie_a)
INFO:enhanced_prediction_workflow:预测完成: 莱切 vs 佛罗伦萨 -> 主胜 (51.5%)
INFO:enhanced_prediction_workflow:生成预测报告: /Users/bytedance/trae_projects/europe_leagues/serie_a/analysis/predictions/2026-04-21_predictions_enhanced.md
INFO:result_manager:保存预测: serie_a_20260421_莱切_佛罗伦萨
INFO:enhanced_prediction_workflow:预测已保存到历史数据库
INFO:result_manager:准确率统计已更新
INFO:enhanced_prediction_workflow:开始预测: 巴黎圣日耳曼 vs 马赛 (ligue_1)
INFO:enhanced_prediction_workflow:预测完成: 巴黎圣日耳曼 vs 马赛 -> 主胜 (51.5%)
INFO:enhanced_prediction_workflow:开始预测: 摩纳哥 vs 里尔 (ligue_1)
INFO:enhanced_prediction_workflow:预测完成: 摩纳哥 vs 里尔 -> 主胜 (51.5%)
INFO:enhanced_prediction_workflow:开始预测: 里昂 vs 朗斯 (ligue_1)
INFO:enhanced_prediction_workflow:预测完成: 里昂 vs 朗斯 -> 主胜 (51.5%)
INFO:enhanced_prediction_workflow:开始预测: 雷恩 vs 尼斯 (ligue_1)
INFO:enhanced_prediction_workflow:预测完成: 雷恩 vs 尼斯 -> 主胜 (51.5%)
INFO:enhanced_prediction_workflow:开始预测: 洛里昂 vs 斯特拉斯堡 (ligue_1)
INFO:enhanced_prediction_workflow:预测完成: 洛里昂 vs 斯特拉斯堡 -> 主胜 (51.5%)
INFO:enhanced_prediction_workflow:生成预测报告: /Users/bytedance/trae_projects/europe_leagues/ligue_1/analysis/predictions/2026-04-21_predictions_enhanced.md
INFO:result_manager:保存预测: ligue_1_20260421_巴黎圣日耳曼_马赛
INFO:result_manager:保存预测: ligue_1_20260421_摩纳哥_里尔
INFO:result_manager:保存预测: ligue_1_20260421_里昂_朗斯
INFO:result_manager:保存预测: ligue_1_20260421_雷恩_尼斯
INFO:result_manager:保存预测: ligue_1_20260421_洛里昂_斯特拉斯堡
INFO:enhanced_prediction_workflow:预测已保存到历史数据库
INFO:result_manager:准确率统计已更新
INFO:enhanced_prediction_workflow:开始预测: 布莱顿 vs 切尔西 (premier_league)
INFO:enhanced_prediction_workflow:预测完成: 布莱顿 vs 切尔西 -> 主胜 (51.4%)
INFO:enhanced_prediction_workflow:生成预测报告: /Users/bytedance/trae_projects/europe_leagues/premier_league/analysis/predictions/2026-04-22_predictions_enhanced.md
INFO:result_manager:保存预测: premier_league_20260422_布莱顿_切尔西
INFO:enhanced_prediction_workflow:预测已保存到历史数据库
INFO:result_manager:准确率统计已更新
INFO:enhanced_prediction_workflow:开始预测: 毕尔巴鄂竞技 vs 奥萨苏纳 (la_liga)
INFO:enhanced_prediction_workflow:预测完成: 毕尔巴鄂竞技 vs 奥萨苏纳 -> 主胜 (51.5%)
INFO:enhanced_prediction_workflow:开始预测: 马洛卡 vs 瓦伦西亚 (la_liga)
INFO:enhanced_prediction_workflow:预测完成: 马洛卡 vs 瓦伦西亚 -> 主胜 (51.5%)
INFO:enhanced_prediction_workflow:开始预测: 皇家马德里 vs 阿拉维斯 (la_liga)
INFO:enhanced_prediction_workflow:预测完成: 皇家马德里 vs 阿拉维斯 -> 主胜 (51.5%)
INFO:enhanced_prediction_workflow:开始预测: 赫罗纳 vs 皇家贝蒂斯 (la_liga)
INFO:enhanced_prediction_workflow:预测完成: 赫罗纳 vs 皇家贝蒂斯 -> 主胜 (51.5%)
INFO:enhanced_prediction_workflow:生成预测报告: /Users/bytedance/trae_projects/europe_leagues/la_liga/analysis/predictions/2026-04-22_predictions_enhanced.md
INFO:result_manager:保存预测: la_liga_20260422_毕尔巴鄂竞技_奥萨苏纳
INFO:result_manager:保存预测: la_liga_20260422_马洛卡_瓦伦西亚
INFO:result_manager:保存预测: la_liga_20260422_皇家马德里_阿拉维斯
INFO:result_manager:保存预测: la_liga_20260422_赫罗纳_皇家贝蒂斯
INFO:enhanced_prediction_workflow:预测已保存到历史数据库
INFO:result_manager:准确率统计已更新
INFO:enhanced_prediction_workflow:开始预测: 拜仁慕尼黑 vs 多特蒙德 (bundesliga)
INFO:enhanced_prediction_workflow:预测完成: 拜仁慕尼黑 vs 多特蒙德 -> 主胜 (51.4%)
INFO:enhanced_prediction_workflow:开始预测: 勒沃库森 vs 斯图加特 (bundesliga)
INFO:enhanced_prediction_workflow:预测完成: 勒沃库森 vs 斯图加特 -> 主胜 (51.4%)
INFO:enhanced_prediction_workflow:开始预测: 柏林联合 vs 霍芬海姆 (bundesliga)
INFO:enhanced_prediction_workflow:预测完成: 柏林联合 vs 霍芬海姆 -> 主胜 (51.4%)
INFO:enhanced_prediction_workflow:开始预测: 法兰克福 vs 门兴格拉德巴赫 (bundesliga)
INFO:enhanced_prediction_workflow:预测完成: 法兰克福 vs 门兴格拉德巴赫 -> 主胜 (51.4%)
INFO:enhanced_prediction_workflow:开始预测: 沃尔夫斯堡 vs 美因茨 (bundesliga)
INFO:enhanced_prediction_workflow:预测完成: 沃尔夫斯堡 vs 美因茨 -> 主胜 (51.4%)
INFO:enhanced_prediction_workflow:生成预测报告: /Users/bytedance/trae_projects/europe_leagues/bundesliga/analysis/predictions/2026-04-22_predictions_enhanced.md
INFO:result_manager:保存预测: bundesliga_20260422_拜仁慕尼黑_多特蒙德
INFO:result_manager:保存预测: bundesliga_20260422_勒沃库森_斯图加特
INFO:result_manager:保存预测: bundesliga_20260422_柏林联合_霍芬海姆
INFO:result_manager:保存预测: bundesliga_20260422_法兰克福_门兴格拉德巴赫
INFO:result_manager:保存预测: bundesliga_20260422_沃尔夫斯堡_美因茨
INFO:enhanced_prediction_workflow:预测已保存到历史数据库
INFO:result_manager:准确率统计已更新
INFO:enhanced_prediction_workflow:开始预测: 国际米兰 vs AC米兰 (serie_a)
INFO:enhanced_prediction_workflow:预测完成: 国际米兰 vs AC米兰 -> 主胜 (51.5%)
INFO:enhanced_prediction_workflow:开始预测: 尤文图斯 vs 那不勒斯 (serie_a)
INFO:enhanced_prediction_workflow:预测完成: 尤文图斯 vs 那不勒斯 -> 主胜 (51.5%)
INFO:enhanced_prediction_workflow:开始预测: 罗马 vs 亚特兰大 (serie_a)
INFO:enhanced_prediction_workflow:预测完成: 罗马 vs 亚特兰大 -> 主胜 (51.5%)
INFO:enhanced_prediction_workflow:开始预测: 拉齐奥 vs 佛罗伦萨 (serie_a)
INFO:enhanced_prediction_workflow:预测完成: 拉齐奥 vs 佛罗伦萨 -> 主胜 (51.5%)
INFO:enhanced_prediction_workflow:开始预测: 博洛尼亚 vs 乌迪内斯 (serie_a)
INFO:enhanced_prediction_workflow:预测完成: 博洛尼亚 vs 乌迪内斯 -> 主胜 (51.5%)
INFO:enhanced_prediction_workflow:生成预测报告: /Users/bytedance/trae_projects/europe_leagues/serie_a/analysis/predictions/2026-04-22_predictions_enhanced.md
INFO:result_manager:保存预测: serie_a_20260422_国际米兰_AC米兰
INFO:result_manager:保存预测: serie_a_20260422_尤文图斯_那不勒斯
INFO:result_manager:保存预测: serie_a_20260422_罗马_亚特兰大
INFO:result_manager:保存预测: serie_a_20260422_拉齐奥_佛罗伦萨
INFO:result_manager:保存预测: serie_a_20260422_博洛尼亚_乌迪内斯
INFO:enhanced_prediction_workflow:预测已保存到历史数据库
INFO:result_manager:准确率统计已更新
INFO:enhanced_prediction_workflow:开始预测: 巴黎圣日耳曼 vs 马赛 (ligue_1)
INFO:enhanced_prediction_workflow:预测完成: 巴黎圣日耳曼 vs 马赛 -> 主胜 (51.5%)
INFO:enhanced_prediction_workflow:开始预测: 摩纳哥 vs 里尔 (ligue_1)
INFO:enhanced_prediction_workflow:预测完成: 摩纳哥 vs 里尔 -> 主胜 (51.5%)
INFO:enhanced_prediction_workflow:开始预测: 里昂 vs 朗斯 (ligue_1)
INFO:enhanced_prediction_workflow:预测完成: 里昂 vs 朗斯 -> 主胜 (51.5%)
INFO:enhanced_prediction_workflow:开始预测: 雷恩 vs 尼斯 (ligue_1)
INFO:enhanced_prediction_workflow:预测完成: 雷恩 vs 尼斯 -> 主胜 (51.5%)
INFO:enhanced_prediction_workflow:开始预测: 洛里昂 vs 斯特拉斯堡 (ligue_1)
INFO:enhanced_prediction_workflow:预测完成: 洛里昂 vs 斯特拉斯堡 -> 主胜 (51.5%)
INFO:enhanced_prediction_workflow:生成预测报告: /Users/bytedance/trae_projects/europe_leagues/ligue_1/analysis/predictions/2026-04-22_predictions_enhanced.md
INFO:result_manager:保存预测: ligue_1_20260422_巴黎圣日耳曼_马赛
INFO:result_manager:保存预测: ligue_1_20260422_摩纳哥_里尔
INFO:result_manager:保存预测: ligue_1_20260422_里昂_朗斯
INFO:result_manager:保存预测: ligue_1_20260422_雷恩_尼斯
INFO:result_manager:保存预测: ligue_1_20260422_洛里昂_斯特拉斯堡
INFO:enhanced_prediction_workflow:预测已保存到历史数据库
INFO:result_manager:准确率统计已更新
INFO:enhanced_prediction_workflow:开始预测: 伯恩利 vs 曼城 (premier_league)
INFO:enhanced_prediction_workflow:预测完成: 伯恩利 vs 曼城 -> 主胜 (51.4%)
INFO:enhanced_prediction_workflow:开始预测: 伯恩茅斯 vs 利兹联 (premier_league)
INFO:enhanced_prediction_workflow:预测完成: 伯恩茅斯 vs 利兹联 -> 主胜 (51.4%)
INFO:enhanced_prediction_workflow:生成预测报告: /Users/bytedance/trae_projects/europe_leagues/premier_league/analysis/predictions/2026-04-23_predictions_enhanced.md
INFO:result_manager:保存预测: premier_league_20260423_伯恩利_曼城
INFO:result_manager:保存预测: premier_league_20260423_伯恩茅斯_利兹联
INFO:enhanced_prediction_workflow:预测已保存到历史数据库
INFO:result_manager:准确率统计已更新
INFO:enhanced_prediction_workflow:开始预测: 埃尔切 vs 马德里竞技 (la_liga)
INFO:enhanced_prediction_workflow:预测完成: 埃尔切 vs 马德里竞技 -> 主胜 (51.5%)
INFO:enhanced_prediction_workflow:开始预测: 皇家社会 vs 赫塔费 (la_liga)
INFO:enhanced_prediction_workflow:预测完成: 皇家社会 vs 赫塔费 -> 主胜 (51.5%)
INFO:enhanced_prediction_workflow:开始预测: 巴塞罗那 vs 塞尔塔 (la_liga)
INFO:enhanced_prediction_workflow:预测完成: 巴塞罗那 vs 塞尔塔 -> 主胜 (51.5%)
INFO:enhanced_prediction_workflow:生成预测报告: /Users/bytedance/trae_projects/europe_leagues/la_liga/analysis/predictions/2026-04-23_predictions_enhanced.md
INFO:result_manager:保存预测: la_liga_20260423_埃尔切_马德里竞技
INFO:result_manager:保存预测: la_liga_20260423_皇家社会_赫塔费
INFO:result_manager:保存预测: la_liga_20260423_巴塞罗那_塞尔塔
INFO:enhanced_prediction_workflow:预测已保存到历史数据库
INFO:result_manager:准确率统计已更新
INFO:enhanced_prediction_workflow:开始预测: 拜仁慕尼黑 vs 多特蒙德 (bundesliga)
INFO:enhanced_prediction_workflow:预测完成: 拜仁慕尼黑 vs 多特蒙德 -> 主胜 (51.4%)
INFO:enhanced_prediction_workflow:开始预测: 勒沃库森 vs 斯图加特 (bundesliga)
INFO:enhanced_prediction_workflow:预测完成: 勒沃库森 vs 斯图加特 -> 主胜 (51.4%)
INFO:enhanced_prediction_workflow:开始预测: 柏林联合 vs 霍芬海姆 (bundesliga)
INFO:enhanced_prediction_workflow:预测完成: 柏林联合 vs 霍芬海姆 -> 主胜 (51.4%)
INFO:enhanced_prediction_workflow:开始预测: 法兰克福 vs 门兴格拉德巴赫 (bundesliga)
INFO:enhanced_prediction_workflow:预测完成: 法兰克福 vs 门兴格拉德巴赫 -> 主胜 (51.4%)
INFO:enhanced_prediction_workflow:开始预测: 沃尔夫斯堡 vs 美因茨 (bundesliga)
INFO:enhanced_prediction_workflow:预测完成: 沃尔夫斯堡 vs 美因茨 -> 主胜 (51.4%)
INFO:enhanced_prediction_workflow:生成预测报告: /Users/bytedance/trae_projects/europe_leagues/bundesliga/analysis/predictions/2026-04-23_predictions_enhanced.md
INFO:result_manager:保存预测: bundesliga_20260423_拜仁慕尼黑_多特蒙德
INFO:result_manager:保存预测: bundesliga_20260423_勒沃库森_斯图加特
INFO:result_manager:保存预测: bundesliga_20260423_柏林联合_霍芬海姆
INFO:result_manager:保存预测: bundesliga_20260423_法兰克福_门兴格拉德巴赫
INFO:result_manager:保存预测: bundesliga_20260423_沃尔夫斯堡_美因茨
INFO:enhanced_prediction_workflow:预测已保存到历史数据库
INFO:result_manager:准确率统计已更新
INFO:enhanced_prediction_workflow:开始预测: 国际米兰 vs AC米兰 (serie_a)
INFO:enhanced_prediction_workflow:预测完成: 国际米兰 vs AC米兰 -> 主胜 (51.5%)
INFO:enhanced_prediction_workflow:开始预测: 尤文图斯 vs 那不勒斯 (serie_a)
INFO:enhanced_prediction_workflow:预测完成: 尤文图斯 vs 那不勒斯 -> 主胜 (51.5%)
INFO:enhanced_prediction_workflow:开始预测: 罗马 vs 亚特兰大 (serie_a)
INFO:enhanced_prediction_workflow:预测完成: 罗马 vs 亚特兰大 -> 主胜 (51.5%)
INFO:enhanced_prediction_workflow:开始预测: 拉齐奥 vs 佛罗伦萨 (serie_a)
INFO:enhanced_prediction_workflow:预测完成: 拉齐奥 vs 佛罗伦萨 -> 主胜 (51.5%)
INFO:enhanced_prediction_workflow:开始预测: 博洛尼亚 vs 乌迪内斯 (serie_a)
INFO:enhanced_prediction_workflow:预测完成: 博洛尼亚 vs 乌迪内斯 -> 主胜 (51.5%)
INFO:enhanced_prediction_workflow:生成预测报告: /Users/bytedance/trae_projects/europe_leagues/serie_a/analysis/predictions/2026-04-23_predictions_enhanced.md
INFO:result_manager:保存预测: serie_a_20260423_国际米兰_AC米兰
INFO:result_manager:保存预测: serie_a_20260423_尤文图斯_那不勒斯
INFO:result_manager:保存预测: serie_a_20260423_罗马_亚特兰大
INFO:result_manager:保存预测: serie_a_20260423_拉齐奥_佛罗伦萨
INFO:result_manager:保存预测: serie_a_20260423_博洛尼亚_乌迪内斯
INFO:enhanced_prediction_workflow:预测已保存到历史数据库
INFO:result_manager:准确率统计已更新
INFO:enhanced_prediction_workflow:开始预测: 巴黎圣日耳曼 vs 南特 (ligue_1)
INFO:enhanced_prediction_workflow:预测完成: 巴黎圣日耳曼 vs 南特 -> 主胜 (51.5%)
INFO:enhanced_prediction_workflow:生成预测报告: /Users/bytedance/trae_projects/europe_leagues/ligue_1/analysis/predictions/2026-04-23_predictions_enhanced.md
INFO:result_manager:保存预测: ligue_1_20260423_巴黎圣日耳曼_南特
INFO:enhanced_prediction_workflow:预测已保存到历史数据库
INFO:result_manager:准确率统计已更新
INFO:enhanced_prediction_workflow:开始预测: 切尔西 vs 曼联 (premier_league)
INFO:enhanced_prediction_workflow:预测完成: 切尔西 vs 曼联 -> 主胜 (51.4%)
INFO:enhanced_prediction_workflow:开始预测: 利物浦 vs 阿森纳 (premier_league)
INFO:enhanced_prediction_workflow:预测完成: 利物浦 vs 阿森纳 -> 主胜 (51.4%)
INFO:enhanced_prediction_workflow:开始预测: 曼城 vs 阿斯顿维拉 (premier_league)
INFO:enhanced_prediction_workflow:预测完成: 曼城 vs 阿斯顿维拉 -> 主胜 (51.4%)
INFO:enhanced_prediction_workflow:开始预测: 诺丁汉森林 vs 布莱顿 (premier_league)
INFO:enhanced_prediction_workflow:预测完成: 诺丁汉森林 vs 布莱顿 -> 主胜 (51.4%)
INFO:enhanced_prediction_workflow:开始预测: 布伦特福德 vs 富勒姆 (premier_league)
INFO:enhanced_prediction_workflow:预测完成: 布伦特福德 vs 富勒姆 -> 主胜 (51.4%)
INFO:enhanced_prediction_workflow:生成预测报告: /Users/bytedance/trae_projects/europe_leagues/premier_league/analysis/predictions/2026-04-24_predictions_enhanced.md
INFO:result_manager:保存预测: premier_league_20260424_切尔西_曼联
INFO:result_manager:保存预测: premier_league_20260424_利物浦_阿森纳
INFO:result_manager:保存预测: premier_league_20260424_曼城_阿斯顿维拉
INFO:result_manager:保存预测: premier_league_20260424_诺丁汉森林_布莱顿
INFO:result_manager:保存预测: premier_league_20260424_布伦特福德_富勒姆
INFO:enhanced_prediction_workflow:预测已保存到历史数据库
INFO:result_manager:准确率统计已更新
INFO:enhanced_prediction_workflow:开始预测: 莱万特 vs 塞维利亚 (la_liga)
INFO:enhanced_prediction_workflow:预测完成: 莱万特 vs 塞维利亚 -> 主胜 (51.5%)
INFO:enhanced_prediction_workflow:开始预测: 巴列卡诺 vs 西班牙人 (la_liga)
INFO:enhanced_prediction_workflow:预测完成: 巴列卡诺 vs 西班牙人 -> 主胜 (51.5%)
INFO:enhanced_prediction_workflow:开始预测: 皇家奥维多 vs 比利亚雷亚尔 (la_liga)
INFO:enhanced_prediction_workflow:预测完成: 皇家奥维多 vs 比利亚雷亚尔 -> 主胜 (51.5%)
INFO:enhanced_prediction_workflow:生成预测报告: /Users/bytedance/trae_projects/europe_leagues/la_liga/analysis/predictions/2026-04-24_predictions_enhanced.md
INFO:result_manager:保存预测: la_liga_20260424_莱万特_塞维利亚
INFO:result_manager:保存预测: la_liga_20260424_巴列卡诺_西班牙人
INFO:result_manager:保存预测: la_liga_20260424_皇家奥维多_比利亚雷亚尔
INFO:enhanced_prediction_workflow:预测已保存到历史数据库
INFO:result_manager:准确率统计已更新
INFO:enhanced_prediction_workflow:开始预测: 拜仁慕尼黑 vs 多特蒙德 (bundesliga)
INFO:enhanced_prediction_workflow:预测完成: 拜仁慕尼黑 vs 多特蒙德 -> 主胜 (51.4%)
INFO:enhanced_prediction_workflow:开始预测: 勒沃库森 vs 斯图加特 (bundesliga)
INFO:enhanced_prediction_workflow:预测完成: 勒沃库森 vs 斯图加特 -> 主胜 (51.4%)
INFO:enhanced_prediction_workflow:开始预测: 柏林联合 vs 霍芬海姆 (bundesliga)
INFO:enhanced_prediction_workflow:预测完成: 柏林联合 vs 霍芬海姆 -> 主胜 (51.4%)
INFO:enhanced_prediction_workflow:开始预测: 法兰克福 vs 门兴格拉德巴赫 (bundesliga)
INFO:enhanced_prediction_workflow:预测完成: 法兰克福 vs 门兴格拉德巴赫 -> 主胜 (51.4%)
INFO:enhanced_prediction_workflow:开始预测: 沃尔夫斯堡 vs 美因茨 (bundesliga)
INFO:enhanced_prediction_workflow:预测完成: 沃尔夫斯堡 vs 美因茨 -> 主胜 (51.4%)
INFO:enhanced_prediction_workflow:生成预测报告: /Users/bytedance/trae_projects/europe_leagues/bundesliga/analysis/predictions/2026-04-24_predictions_enhanced.md
INFO:result_manager:保存预测: bundesliga_20260424_拜仁慕尼黑_多特蒙德
INFO:result_manager:保存预测: bundesliga_20260424_勒沃库森_斯图加特
INFO:result_manager:保存预测: bundesliga_20260424_柏林联合_霍芬海姆
INFO:result_manager:保存预测: bundesliga_20260424_法兰克福_门兴格拉德巴赫
INFO:result_manager:保存预测: bundesliga_20260424_沃尔夫斯堡_美因茨
INFO:enhanced_prediction_workflow:预测已保存到历史数据库
INFO:result_manager:准确率统计已更新
INFO:enhanced_prediction_workflow:开始预测: 国际米兰 vs AC米兰 (serie_a)
INFO:enhanced_prediction_workflow:预测完成: 国际米兰 vs AC米兰 -> 主胜 (51.5%)
INFO:enhanced_prediction_workflow:开始预测: 尤文图斯 vs 那不勒斯 (serie_a)
INFO:enhanced_prediction_workflow:预测完成: 尤文图斯 vs 那不勒斯 -> 主胜 (51.5%)
INFO:enhanced_prediction_workflow:开始预测: 罗马 vs 亚特兰大 (serie_a)
INFO:enhanced_prediction_workflow:预测完成: 罗马 vs 亚特兰大 -> 主胜 (51.5%)
INFO:enhanced_prediction_workflow:开始预测: 拉齐奥 vs 佛罗伦萨 (serie_a)
INFO:enhanced_prediction_workflow:预测完成: 拉齐奥 vs 佛罗伦萨 -> 主胜 (51.5%)
INFO:enhanced_prediction_workflow:开始预测: 博洛尼亚 vs 乌迪内斯 (serie_a)
INFO:enhanced_prediction_workflow:预测完成: 博洛尼亚 vs 乌迪内斯 -> 主胜 (51.5%)
INFO:enhanced_prediction_workflow:生成预测报告: /Users/bytedance/trae_projects/europe_leagues/serie_a/analysis/predictions/2026-04-24_predictions_enhanced.md
INFO:result_manager:保存预测: serie_a_20260424_国际米兰_AC米兰
INFO:result_manager:保存预测: serie_a_20260424_尤文图斯_那不勒斯
INFO:result_manager:保存预测: serie_a_20260424_罗马_亚特兰大
INFO:result_manager:保存预测: serie_a_20260424_拉齐奥_佛罗伦萨
INFO:result_manager:保存预测: serie_a_20260424_博洛尼亚_乌迪内斯
INFO:enhanced_prediction_workflow:预测已保存到历史数据库
INFO:result_manager:准确率统计已更新
INFO:enhanced_prediction_workflow:开始预测: 巴黎圣日耳曼 vs 马赛 (ligue_1)
INFO:enhanced_prediction_workflow:预测完成: 巴黎圣日耳曼 vs 马赛 -> 主胜 (51.5%)
INFO:enhanced_prediction_workflow:开始预测: 摩纳哥 vs 里尔 (ligue_1)
INFO:enhanced_prediction_workflow:预测完成: 摩纳哥 vs 里尔 -> 主胜 (51.5%)
INFO:enhanced_prediction_workflow:开始预测: 里昂 vs 朗斯 (ligue_1)
INFO:enhanced_prediction_workflow:预测完成: 里昂 vs 朗斯 -> 主胜 (51.5%)
INFO:enhanced_prediction_workflow:开始预测: 雷恩 vs 尼斯 (ligue_1)
INFO:enhanced_prediction_workflow:预测完成: 雷恩 vs 尼斯 -> 主胜 (51.5%)
INFO:enhanced_prediction_workflow:开始预测: 洛里昂 vs 斯特拉斯堡 (ligue_1)
INFO:enhanced_prediction_workflow:预测完成: 洛里昂 vs 斯特拉斯堡 -> 主胜 (51.5%)
INFO:enhanced_prediction_workflow:生成预测报告: /Users/bytedance/trae_projects/europe_leagues/ligue_1/analysis/predictions/2026-04-24_predictions_enhanced.md
INFO:result_manager:保存预测: ligue_1_20260424_巴黎圣日耳曼_马赛
INFO:result_manager:保存预测: ligue_1_20260424_摩纳哥_里尔
INFO:result_manager:保存预测: ligue_1_20260424_里昂_朗斯
INFO:result_manager:保存预测: ligue_1_20260424_雷恩_尼斯
INFO:result_manager:保存预测: ligue_1_20260424_洛里昂_斯特拉斯堡
INFO:enhanced_prediction_workflow:预测已保存到历史数据库
INFO:result_manager:准确率统计已更新
INFO:enhanced_prediction_workflow:开始预测: 桑德兰 vs 诺丁汉森林 (premier_league)
INFO:enhanced_prediction_workflow:预测完成: 桑德兰 vs 诺丁汉森林 -> 主胜 (51.4%)
INFO:enhanced_prediction_workflow:开始预测: 富勒姆 vs 阿斯顿维拉 (premier_league)
INFO:enhanced_prediction_workflow:预测完成: 富勒姆 vs 阿斯顿维拉 -> 主胜 (51.4%)
INFO:enhanced_prediction_workflow:开始预测: 利物浦 vs 水晶宫 (premier_league)
INFO:enhanced_prediction_workflow:预测完成: 利物浦 vs 水晶宫 -> 主胜 (51.4%)
INFO:enhanced_prediction_workflow:开始预测: 狼队 vs 热刺 (premier_league)
INFO:enhanced_prediction_workflow:预测完成: 狼队 vs 热刺 -> 主胜 (51.4%)
INFO:enhanced_prediction_workflow:开始预测: 西汉姆联 vs 埃弗顿 (premier_league)
INFO:enhanced_prediction_workflow:预测完成: 西汉姆联 vs 埃弗顿 -> 主胜 (51.4%)
INFO:enhanced_prediction_workflow:生成预测报告: /Users/bytedance/trae_projects/europe_leagues/premier_league/analysis/predictions/2026-04-25_predictions_enhanced.md
INFO:result_manager:保存预测: premier_league_20260425_桑德兰_诺丁汉森林
INFO:result_manager:保存预测: premier_league_20260425_富勒姆_阿斯顿维拉
INFO:result_manager:保存预测: premier_league_20260425_利物浦_水晶宫
INFO:result_manager:保存预测: premier_league_20260425_狼队_热刺
INFO:result_manager:保存预测: premier_league_20260425_西汉姆联_埃弗顿
INFO:enhanced_prediction_workflow:预测已保存到历史数据库
INFO:result_manager:准确率统计已更新
INFO:enhanced_prediction_workflow:开始预测: 皇家贝蒂斯 vs 皇家马德里 (la_liga)
INFO:enhanced_prediction_workflow:预测完成: 皇家贝蒂斯 vs 皇家马德里 -> 主胜 (51.5%)
INFO:enhanced_prediction_workflow:开始预测: 阿拉维斯 vs 马洛卡 (la_liga)
INFO:enhanced_prediction_workflow:预测完成: 阿拉维斯 vs 马洛卡 -> 主胜 (51.5%)
INFO:enhanced_prediction_workflow:开始预测: 赫塔费 vs 巴塞罗那 (la_liga)
INFO:enhanced_prediction_workflow:预测完成: 赫塔费 vs 巴塞罗那 -> 主胜 (51.5%)
INFO:enhanced_prediction_workflow:生成预测报告: /Users/bytedance/trae_projects/europe_leagues/la_liga/analysis/predictions/2026-04-25_predictions_enhanced.md
INFO:result_manager:保存预测: la_liga_20260425_皇家贝蒂斯_皇家马德里
INFO:result_manager:保存预测: la_liga_20260425_阿拉维斯_马洛卡
INFO:result_manager:保存预测: la_liga_20260425_赫塔费_巴塞罗那
INFO:enhanced_prediction_workflow:预测已保存到历史数据库
INFO:result_manager:准确率统计已更新
INFO:enhanced_prediction_workflow:开始预测: 莱比锡红牛 vs 柏林联盟 (bundesliga)
INFO:enhanced_prediction_workflow:预测完成: 莱比锡红牛 vs 柏林联盟 -> 主胜 (51.4%)
INFO:enhanced_prediction_workflow:开始预测: 美因茨 vs 拜仁 (bundesliga)
INFO:enhanced_prediction_workflow:预测完成: 美因茨 vs 拜仁 -> 主胜 (51.4%)
INFO:enhanced_prediction_workflow:开始预测: 科隆 vs 勒沃库森 (bundesliga)
INFO:enhanced_prediction_workflow:预测完成: 科隆 vs 勒沃库森 -> 主胜 (51.4%)
INFO:enhanced_prediction_workflow:开始预测: 奥格斯堡 vs 法兰克福 (bundesliga)
INFO:enhanced_prediction_workflow:预测完成: 奥格斯堡 vs 法兰克福 -> 主胜 (51.4%)
INFO:enhanced_prediction_workflow:开始预测: 沃尔夫斯堡 vs 门兴 (bundesliga)
INFO:enhanced_prediction_workflow:预测完成: 沃尔夫斯堡 vs 门兴 -> 主胜 (51.4%)
INFO:enhanced_prediction_workflow:开始预测: 海登海姆 vs 圣保利 (bundesliga)
INFO:enhanced_prediction_workflow:预测完成: 海登海姆 vs 圣保利 -> 主胜 (51.4%)
INFO:enhanced_prediction_workflow:生成预测报告: /Users/bytedance/trae_projects/europe_leagues/bundesliga/analysis/predictions/2026-04-25_predictions_enhanced.md
INFO:result_manager:保存预测: bundesliga_20260425_莱比锡红牛_柏林联盟
INFO:result_manager:保存预测: bundesliga_20260425_美因茨_拜仁
INFO:result_manager:保存预测: bundesliga_20260425_科隆_勒沃库森
INFO:result_manager:保存预测: bundesliga_20260425_奥格斯堡_法兰克福
INFO:result_manager:保存预测: bundesliga_20260425_沃尔夫斯堡_门兴
INFO:result_manager:保存预测: bundesliga_20260425_海登海姆_圣保利
INFO:enhanced_prediction_workflow:预测已保存到历史数据库
INFO:result_manager:准确率统计已更新
INFO:enhanced_prediction_workflow:开始预测: 那不勒斯 vs 克雷莫内塞 (serie_a)
INFO:enhanced_prediction_workflow:预测完成: 那不勒斯 vs 克雷莫内塞 -> 主胜 (51.5%)
INFO:enhanced_prediction_workflow:开始预测: 帕尔马 vs 比萨 (serie_a)
INFO:enhanced_prediction_workflow:预测完成: 帕尔马 vs 比萨 -> 主胜 (51.5%)
INFO:enhanced_prediction_workflow:生成预测报告: /Users/bytedance/trae_projects/europe_leagues/serie_a/analysis/predictions/2026-04-25_predictions_enhanced.md
INFO:result_manager:保存预测: serie_a_20260425_那不勒斯_克雷莫内塞
INFO:result_manager:保存预测: serie_a_20260425_帕尔马_比萨
INFO:enhanced_prediction_workflow:预测已保存到历史数据库
INFO:result_manager:准确率统计已更新
INFO:enhanced_prediction_workflow:开始预测: 布雷斯特 vs 朗斯 (ligue_1)
INFO:enhanced_prediction_workflow:预测完成: 布雷斯特 vs 朗斯 -> 主胜 (51.5%)
INFO:enhanced_prediction_workflow:开始预测: 里昂 vs 欧塞尔 (ligue_1)
INFO:enhanced_prediction_workflow:预测完成: 里昂 vs 欧塞尔 -> 主胜 (51.5%)
INFO:enhanced_prediction_workflow:生成预测报告: /Users/bytedance/trae_projects/europe_leagues/ligue_1/analysis/predictions/2026-04-25_predictions_enhanced.md
INFO:result_manager:保存预测: ligue_1_20260425_布雷斯特_朗斯
INFO:result_manager:保存预测: ligue_1_20260425_里昂_欧塞尔
INFO:enhanced_prediction_workflow:预测已保存到历史数据库
INFO:result_manager:准确率统计已更新
INFO:enhanced_prediction_workflow:开始预测: 阿森纳 vs 纽卡斯尔 (premier_league)
INFO:enhanced_prediction_workflow:预测完成: 阿森纳 vs 纽卡斯尔 -> 主胜 (51.4%)
INFO:enhanced_prediction_workflow:生成预测报告: /Users/bytedance/trae_projects/europe_leagues/premier_league/analysis/predictions/2026-04-26_predictions_enhanced.md
INFO:result_manager:保存预测: premier_league_20260426_阿森纳_纽卡斯尔
INFO:enhanced_prediction_workflow:预测已保存到历史数据库
INFO:result_manager:准确率统计已更新
INFO:enhanced_prediction_workflow:开始预测: 瓦伦西亚 vs 赫罗纳 (la_liga)
INFO:enhanced_prediction_workflow:预测完成: 瓦伦西亚 vs 赫罗纳 -> 主胜 (51.5%)
INFO:enhanced_prediction_workflow:开始预测: 马德里竞技 vs 毕尔巴鄂竞技 (la_liga)
INFO:enhanced_prediction_workflow:预测完成: 马德里竞技 vs 毕尔巴鄂竞技 -> 主胜 (51.5%)
INFO:enhanced_prediction_workflow:开始预测: 巴列卡诺 vs 皇家社会 (la_liga)
INFO:enhanced_prediction_workflow:预测完成: 巴列卡诺 vs 皇家社会 -> 主胜 (51.5%)
INFO:enhanced_prediction_workflow:开始预测: 皇家奥维多 vs 埃尔切 (la_liga)
INFO:enhanced_prediction_workflow:预测完成: 皇家奥维多 vs 埃尔切 -> 主胜 (51.5%)
INFO:enhanced_prediction_workflow:生成预测报告: /Users/bytedance/trae_projects/europe_leagues/la_liga/analysis/predictions/2026-04-26_predictions_enhanced.md
INFO:result_manager:保存预测: la_liga_20260426_瓦伦西亚_赫罗纳
INFO:result_manager:保存预测: la_liga_20260426_马德里竞技_毕尔巴鄂竞技
INFO:result_manager:保存预测: la_liga_20260426_巴列卡诺_皇家社会
INFO:result_manager:保存预测: la_liga_20260426_皇家奥维多_埃尔切
INFO:enhanced_prediction_workflow:预测已保存到历史数据库
INFO:result_manager:准确率统计已更新
INFO:enhanced_prediction_workflow:开始预测: 汉堡 vs 霍芬海姆 (bundesliga)
INFO:enhanced_prediction_workflow:预测完成: 汉堡 vs 霍芬海姆 -> 主胜 (51.4%)
INFO:enhanced_prediction_workflow:开始预测: 斯图加特 vs 不莱梅 (bundesliga)
INFO:enhanced_prediction_workflow:预测完成: 斯图加特 vs 不莱梅 -> 主胜 (51.4%)
INFO:enhanced_prediction_workflow:开始预测: 多特蒙德 vs 弗赖堡 (bundesliga)
INFO:enhanced_prediction_workflow:预测完成: 多特蒙德 vs 弗赖堡 -> 主胜 (51.4%)
INFO:enhanced_prediction_workflow:生成预测报告: /Users/bytedance/trae_projects/europe_leagues/bundesliga/analysis/predictions/2026-04-26_predictions_enhanced.md
INFO:result_manager:保存预测: bundesliga_20260426_汉堡_霍芬海姆
INFO:result_manager:保存预测: bundesliga_20260426_斯图加特_不莱梅
INFO:result_manager:保存预测: bundesliga_20260426_多特蒙德_弗赖堡
INFO:enhanced_prediction_workflow:预测已保存到历史数据库
INFO:result_manager:准确率统计已更新
INFO:enhanced_prediction_workflow:开始预测: 博洛尼亚 vs 罗马 (serie_a)
INFO:enhanced_prediction_workflow:预测完成: 博洛尼亚 vs 罗马 -> 主胜 (51.5%)
INFO:enhanced_prediction_workflow:开始预测: 维罗纳 vs 莱切 (serie_a)
INFO:enhanced_prediction_workflow:预测完成: 维罗纳 vs 莱切 -> 主胜 (51.5%)
INFO:enhanced_prediction_workflow:开始预测: 佛罗伦萨 vs 萨索罗 (serie_a)
INFO:enhanced_prediction_workflow:预测完成: 佛罗伦萨 vs 萨索罗 -> 主胜 (51.5%)
INFO:enhanced_prediction_workflow:开始预测: 热那亚 vs 科莫 (serie_a)
INFO:enhanced_prediction_workflow:预测完成: 热那亚 vs 科莫 -> 主胜 (51.5%)
INFO:enhanced_prediction_workflow:生成预测报告: /Users/bytedance/trae_projects/europe_leagues/serie_a/analysis/predictions/2026-04-26_predictions_enhanced.md
INFO:result_manager:保存预测: serie_a_20260426_博洛尼亚_罗马
INFO:result_manager:保存预测: serie_a_20260426_维罗纳_莱切
INFO:result_manager:保存预测: serie_a_20260426_佛罗伦萨_萨索罗
INFO:result_manager:保存预测: serie_a_20260426_热那亚_科莫
INFO:enhanced_prediction_workflow:预测已保存到历史数据库
INFO:result_manager:准确率统计已更新
INFO:enhanced_prediction_workflow:开始预测: 昂热 vs 巴黎圣日耳曼 (ligue_1)
INFO:enhanced_prediction_workflow:预测完成: 昂热 vs 巴黎圣日耳曼 -> 主胜 (51.5%)
INFO:enhanced_prediction_workflow:开始预测: 图卢兹 vs 摩纳哥 (ligue_1)
INFO:enhanced_prediction_workflow:预测完成: 图卢兹 vs 摩纳哥 -> 主胜 (51.5%)
INFO:enhanced_prediction_workflow:开始预测: 洛里昂 vs 斯特拉斯堡 (ligue_1)
INFO:enhanced_prediction_workflow:预测完成: 洛里昂 vs 斯特拉斯堡 -> 主胜 (51.5%)
INFO:enhanced_prediction_workflow:开始预测: 雷恩 vs 南特 (ligue_1)
INFO:enhanced_prediction_workflow:预测完成: 雷恩 vs 南特 -> 主胜 (51.5%)
INFO:enhanced_prediction_workflow:开始预测: 勒阿弗尔 vs 梅斯 (ligue_1)
INFO:enhanced_prediction_workflow:预测完成: 勒阿弗尔 vs 梅斯 -> 主胜 (51.5%)
INFO:enhanced_prediction_workflow:开始预测: 巴黎FC vs 里尔 (ligue_1)
INFO:enhanced_prediction_workflow:预测完成: 巴黎FC vs 里尔 -> 主胜 (51.5%)
INFO:enhanced_prediction_workflow:生成预测报告: /Users/bytedance/trae_projects/europe_leagues/ligue_1/analysis/predictions/2026-04-26_predictions_enhanced.md
INFO:result_manager:保存预测: ligue_1_20260426_昂热_巴黎圣日耳曼
INFO:result_manager:保存预测: ligue_1_20260426_图卢兹_摩纳哥
INFO:result_manager:保存预测: ligue_1_20260426_洛里昂_斯特拉斯堡
INFO:result_manager:保存预测: ligue_1_20260426_雷恩_南特
INFO:result_manager:保存预测: ligue_1_20260426_勒阿弗尔_梅斯
INFO:result_manager:保存预测: ligue_1_20260426_巴黎FC_里尔
INFO:enhanced_prediction_workflow:预测已保存到历史数据库
INFO:result_manager:准确率统计已更新
INFO:enhanced_prediction_workflow:开始预测: 切尔西 vs 曼联 (premier_league)
INFO:enhanced_prediction_workflow:预测完成: 切尔西 vs 曼联 -> 主胜 (51.4%)
INFO:enhanced_prediction_workflow:开始预测: 利物浦 vs 阿森纳 (premier_league)
INFO:enhanced_prediction_workflow:预测完成: 利物浦 vs 阿森纳 -> 主胜 (51.4%)
INFO:enhanced_prediction_workflow:开始预测: 曼城 vs 阿斯顿维拉 (premier_league)
INFO:enhanced_prediction_workflow:预测完成: 曼城 vs 阿斯顿维拉 -> 主胜 (51.4%)
INFO:enhanced_prediction_workflow:开始预测: 诺丁汉森林 vs 布莱顿 (premier_league)
INFO:enhanced_prediction_workflow:预测完成: 诺丁汉森林 vs 布莱顿 -> 主胜 (51.4%)
INFO:enhanced_prediction_workflow:开始预测: 布伦特福德 vs 富勒姆 (premier_league)
INFO:enhanced_prediction_workflow:预测完成: 布伦特福德 vs 富勒姆 -> 主胜 (51.4%)
INFO:enhanced_prediction_workflow:生成预测报告: /Users/bytedance/trae_projects/europe_leagues/premier_league/analysis/predictions/2026-04-27_predictions_enhanced.md
INFO:result_manager:保存预测: premier_league_20260427_切尔西_曼联
INFO:result_manager:保存预测: premier_league_20260427_利物浦_阿森纳
INFO:result_manager:保存预测: premier_league_20260427_曼城_阿斯顿维拉
INFO:result_manager:保存预测: premier_league_20260427_诺丁汉森林_布莱顿
INFO:result_manager:保存预测: premier_league_20260427_布伦特福德_富勒姆
INFO:enhanced_prediction_workflow:预测已保存到历史数据库
INFO:result_manager:准确率统计已更新
INFO:enhanced_prediction_workflow:开始预测: 奥萨苏纳 vs 塞维利亚 (la_liga)
INFO:enhanced_prediction_workflow:预测完成: 奥萨苏纳 vs 塞维利亚 -> 主胜 (51.5%)
INFO:enhanced_prediction_workflow:开始预测: 比利亚雷亚尔 vs 塞尔塔 (la_liga)
INFO:enhanced_prediction_workflow:预测完成: 比利亚雷亚尔 vs 塞尔塔 -> 主胜 (51.5%)
INFO:enhanced_prediction_workflow:生成预测报告: /Users/bytedance/trae_projects/europe_leagues/la_liga/analysis/predictions/2026-04-27_predictions_enhanced.md
INFO:result_manager:保存预测: la_liga_20260427_奥萨苏纳_塞维利亚
INFO:result_manager:保存预测: la_liga_20260427_比利亚雷亚尔_塞尔塔
INFO:enhanced_prediction_workflow:预测已保存到历史数据库
INFO:result_manager:准确率统计已更新
INFO:enhanced_prediction_workflow:开始预测: 拜仁慕尼黑 vs 多特蒙德 (bundesliga)
INFO:enhanced_prediction_workflow:预测完成: 拜仁慕尼黑 vs 多特蒙德 -> 主胜 (51.4%)
INFO:enhanced_prediction_workflow:开始预测: 勒沃库森 vs 斯图加特 (bundesliga)
INFO:enhanced_prediction_workflow:预测完成: 勒沃库森 vs 斯图加特 -> 主胜 (51.4%)
INFO:enhanced_prediction_workflow:开始预测: 柏林联合 vs 霍芬海姆 (bundesliga)
INFO:enhanced_prediction_workflow:预测完成: 柏林联合 vs 霍芬海姆 -> 主胜 (51.4%)
INFO:enhanced_prediction_workflow:开始预测: 法兰克福 vs 门兴格拉德巴赫 (bundesliga)
INFO:enhanced_prediction_workflow:预测完成: 法兰克福 vs 门兴格拉德巴赫 -> 主胜 (51.4%)
INFO:enhanced_prediction_workflow:开始预测: 沃尔夫斯堡 vs 美因茨 (bundesliga)
INFO:enhanced_prediction_workflow:预测完成: 沃尔夫斯堡 vs 美因茨 -> 主胜 (51.4%)
INFO:enhanced_prediction_workflow:生成预测报告: /Users/bytedance/trae_projects/europe_leagues/bundesliga/analysis/predictions/2026-04-27_predictions_enhanced.md
INFO:result_manager:保存预测: bundesliga_20260427_拜仁慕尼黑_多特蒙德
INFO:result_manager:保存预测: bundesliga_20260427_勒沃库森_斯图加特
INFO:result_manager:保存预测: bundesliga_20260427_柏林联合_霍芬海姆
INFO:result_manager:保存预测: bundesliga_20260427_法兰克福_门兴格拉德巴赫
INFO:result_manager:保存预测: bundesliga_20260427_沃尔夫斯堡_美因茨
INFO:enhanced_prediction_workflow:预测已保存到历史数据库
INFO:result_manager:准确率统计已更新
INFO:enhanced_prediction_workflow:开始预测: 都灵 vs 国际米兰 (serie_a)
INFO:enhanced_prediction_workflow:预测完成: 都灵 vs 国际米兰 -> 主胜 (51.5%)
INFO:enhanced_prediction_workflow:开始预测: AC米兰 vs 尤文图斯 (serie_a)
INFO:enhanced_prediction_workflow:预测完成: AC米兰 vs 尤文图斯 -> 主胜 (51.5%)
INFO:enhanced_prediction_workflow:生成预测报告: /Users/bytedance/trae_projects/europe_leagues/serie_a/analysis/predictions/2026-04-27_predictions_enhanced.md
INFO:result_manager:保存预测: serie_a_20260427_都灵_国际米兰
INFO:result_manager:保存预测: serie_a_20260427_AC米兰_尤文图斯
INFO:enhanced_prediction_workflow:预测已保存到历史数据库
INFO:result_manager:准确率统计已更新
INFO:enhanced_prediction_workflow:开始预测: 马赛 vs 尼斯 (ligue_1)
INFO:enhanced_prediction_workflow:预测完成: 马赛 vs 尼斯 -> 主胜 (51.5%)
INFO:enhanced_prediction_workflow:生成预测报告: /Users/bytedance/trae_projects/europe_leagues/ligue_1/analysis/predictions/2026-04-27_predictions_enhanced.md
INFO:result_manager:保存预测: ligue_1_20260427_马赛_尼斯
INFO:enhanced_prediction_workflow:预测已保存到历史数据库
INFO:result_manager:准确率统计已更新
INFO:enhanced_prediction_workflow:使用缓存预测: 水晶宫 vs 西汉姆联
INFO:enhanced_prediction_workflow:生成预测报告: /Users/bytedance/trae_projects/europe_leagues/premier_league/analysis/predictions/2026-04-21_predictions_enhanced.md
INFO:result_manager:保存预测: premier_league_20260421_水晶宫_西汉姆联
INFO:enhanced_prediction_workflow:预测已保存到历史数据库
INFO:result_manager:准确率统计已更新
INFO:enhanced_prediction_workflow:开始预测: 水晶宫 vs 西汉姆联 (premier_league)
INFO:enhanced_prediction_workflow:预测完成: 水晶宫 vs 西汉姆联 -> 主胜 (51.4%)
INFO:enhanced_prediction_workflow:生成预测报告: /Users/bytedance/trae_projects/europe_leagues/premier_league/analysis/predictions/2026-04-21_predictions_enhanced.md
INFO:result_manager:保存预测: premier_league_20260421_水晶宫_西汉姆联
INFO:enhanced_prediction_workflow:预测已保存到历史数据库
INFO:result_manager:准确率统计已更新
INFO:__main__:开始预测: 切尔西 vs 曼联 (premier_league)
INFO:__main__:预测完成: 切尔西 vs 曼联 -> 主胜 (47.6%)
WARNING:__main__:刷新实时快照失败: 利物浦 vs 阿森纳 2026-04-23: refresh_snapshot failed: rc=1
Traceback (most recent call last):
  File "/Users/bytedance/trae_projects/europe_leagues/okooo_save_snapshot.py", line 1032, in <module>
    main()
  File "/Users/bytedance/trae_projects/europe_leagues/okooo_save_snapshot.py", line 987, in main
    found = _find_match_id(schedule_bu, args.league, args.team1, args.team2, date_hint=args.date)
  File "/Users/bytedance/trae_projects/europe_leagues/okooo_save_snapshot.py", line 647, in _find_match_id
    raise RuntimeError(f"未在联赛赛程中找到包含 {team1} 和 {team2} 的比赛行")
RuntimeError: 未在联赛赛程中找到包含 利物浦 和 阿森纳 的比赛行
INFO:__main__:开始预测: 利物浦 vs 阿森纳 (premier_league)
INFO:__main__:预测完成: 利物浦 vs 阿森纳 -> 主胜 (47.3%)
WARNING:__main__:刷新实时快照失败: 曼城 vs 阿斯顿维拉 2026-04-23: refresh_snapshot failed: rc=1
Traceback (most recent call last):
  File "/Users/bytedance/trae_projects/europe_leagues/okooo_save_snapshot.py", line 1032, in <module>
    main()
  File "/Users/bytedance/trae_projects/europe_leagues/okooo_save_snapshot.py", line 987, in main
    found = _find_match_id(schedule_bu, args.league, args.team1, args.team2, date_hint=args.date)
  File "/Users/bytedance/trae_projects/europe_leagues/okooo_save_snapshot.py", line 647, in _find_match_id
    raise RuntimeError(f"未在联赛赛程中找到包含 {team1} 和 {team2} 的比赛行")
RuntimeError: 未在联赛赛程中找到包含 曼城 和 阿斯顿维拉 的比赛行
INFO:__main__:开始预测: 曼城 vs 阿斯顿维拉 (premier_league)
INFO:__main__:预测完成: 曼城 vs 阿斯顿维拉 -> 主胜 (47.6%)
WARNING:__main__:刷新实时快照失败: 诺丁汉森林 vs 布莱顿 2026-04-23: refresh_snapshot failed: rc=1
Traceback (most recent call last):
  File "/Users/bytedance/trae_projects/europe_leagues/okooo_save_snapshot.py", line 1032, in <module>
    main()
  File "/Users/bytedance/trae_projects/europe_leagues/okooo_save_snapshot.py", line 987, in main
    found = _find_match_id(schedule_bu, args.league, args.team1, args.team2, date_hint=args.date)
  File "/Users/bytedance/trae_projects/europe_leagues/okooo_save_snapshot.py", line 647, in _find_match_id
    raise RuntimeError(f"未在联赛赛程中找到包含 {team1} 和 {team2} 的比赛行")
RuntimeError: 未在联赛赛程中找到包含 诺丁汉森林 和 布莱顿 的比赛行
INFO:__main__:开始预测: 诺丁汉森林 vs 布莱顿 (premier_league)
INFO:__main__:预测完成: 诺丁汉森林 vs 布莱顿 -> 主胜 (47.5%)
INFO:__main__:开始预测: 布伦特福德 vs 富勒姆 (premier_league)
INFO:__main__:预测完成: 布伦特福德 vs 富勒姆 -> 主胜 (47.6%)
INFO:__main__:已更新 teams 文件: /Users/bytedance/trae_projects/europe_leagues/premier_league/teams_2025-26.md
INFO:enhanced_prediction_workflow:开始预测: 巴塞罗那 vs 皇家马德里 (la_liga)
INFO:enhanced_prediction_workflow:预测完成: 巴塞罗那 vs 皇家马德里 -> 主胜 (47.6%)
INFO:enhanced_prediction_workflow:开始预测: 巴塞罗那 vs 皇家马德里 (la_liga)
INFO:enhanced_prediction_workflow:预测完成: 巴塞罗那 vs 皇家马德里 -> 主胜 (47.6%)
WARNING:enhanced_prediction_workflow:刷新实时快照失败: 巴塞罗那 vs 皇家马德里 2026-01-01: refresh_snapshot failed: rc=1
    self.recv_header()
  File "/Users/bytedance/Library/Python/3.9/lib/python/site-packages/websocket/_abnf.py", line 329, in recv_header
    header = self.recv_strict(2)
  File "/Users/bytedance/Library/Python/3.9/lib/python/site-packages/websocket/_abnf.py", line 418, in recv_strict
    bytes_ = self.recv(min(16384, shortage))
  File "/Users/bytedance/Library/Python/3.9/lib/python/site-packages/websocket/_core.py", line 581, in _recv
    return recv(self.sock, bufsize)
  File "/Users/bytedance/Library/Python/3.9/lib/python/site-packages/websocket/_socket.py", line 132, in recv
    raise WebSocketTimeoutException(message)
websocket._exceptions.WebSocketTimeoutException: timed out
INFO:enhanced_prediction_workflow:开始预测: 巴塞罗那 vs 皇家马德里 (la_liga)
INFO:enhanced_prediction_workflow:预测完成: 巴塞罗那 vs 皇家马德里 -> 主胜 (47.6%)
WARNING:enhanced_prediction_workflow:刷新实时快照失败: 马德里竞技 vs 塞维利亚 2026-01-01: refresh_snapshot failed: rc=1
Traceback (most recent call last):
  File "/Users/bytedance/trae_projects/europe_leagues/okooo_save_snapshot.py", line 1032, in <module>
    main()
  File "/Users/bytedance/trae_projects/europe_leagues/okooo_save_snapshot.py", line 987, in main
    found = _find_match_id(schedule_bu, args.league, args.team1, args.team2, date_hint=args.date)
  File "/Users/bytedance/trae_projects/europe_leagues/okooo_save_snapshot.py", line 647, in _find_match_id
    raise RuntimeError(f"未在联赛赛程中找到包含 {team1} 和 {team2} 的比赛行")
RuntimeError: 未在联赛赛程中找到包含 马德里竞技 和 塞维利亚 的比赛行
INFO:enhanced_prediction_workflow:开始预测: 马德里竞技 vs 塞维利亚 (la_liga)
INFO:enhanced_prediction_workflow:预测完成: 马德里竞技 vs 塞维利亚 -> 主胜 (47.6%)
WARNING:enhanced_prediction_workflow:刷新实时快照失败: 皇家社会 vs 比利亚雷亚尔 2026-01-01: refresh_snapshot failed: rc=1
    self.recv_header()
  File "/Users/bytedance/Library/Python/3.9/lib/python/site-packages/websocket/_abnf.py", line 329, in recv_header
    header = self.recv_strict(2)
  File "/Users/bytedance/Library/Python/3.9/lib/python/site-packages/websocket/_abnf.py", line 418, in recv_strict
    bytes_ = self.recv(min(16384, shortage))
  File "/Users/bytedance/Library/Python/3.9/lib/python/site-packages/websocket/_core.py", line 581, in _recv
    return recv(self.sock, bufsize)
  File "/Users/bytedance/Library/Python/3.9/lib/python/site-packages/websocket/_socket.py", line 132, in recv
    raise WebSocketTimeoutException(message)
websocket._exceptions.WebSocketTimeoutException: timed out
INFO:enhanced_prediction_workflow:开始预测: 皇家社会 vs 比利亚雷亚尔 (la_liga)
INFO:enhanced_prediction_workflow:预测完成: 皇家社会 vs 比利亚雷亚尔 -> 主胜 (47.6%)
WARNING:enhanced_prediction_workflow:刷新实时快照失败: 贝蒂斯 vs 瓦伦西亚 2026-01-01: refresh_snapshot failed: rc=1
    self.recv_header()
  File "/Users/bytedance/Library/Python/3.9/lib/python/site-packages/websocket/_abnf.py", line 329, in recv_header
    header = self.recv_strict(2)
  File "/Users/bytedance/Library/Python/3.9/lib/python/site-packages/websocket/_abnf.py", line 418, in recv_strict
    bytes_ = self.recv(min(16384, shortage))
  File "/Users/bytedance/Library/Python/3.9/lib/python/site-packages/websocket/_core.py", line 581, in _recv
    return recv(self.sock, bufsize)
  File "/Users/bytedance/Library/Python/3.9/lib/python/site-packages/websocket/_socket.py", line 132, in recv
    raise WebSocketTimeoutException(message)
websocket._exceptions.WebSocketTimeoutException: timed out
INFO:enhanced_prediction_workflow:开始预测: 贝蒂斯 vs 瓦伦西亚 (la_liga)
INFO:enhanced_prediction_workflow:预测完成: 贝蒂斯 vs 瓦伦西亚 -> 主胜 (51.5%)
INFO:enhanced_prediction_workflow:开始预测: 毕尔巴鄂竞技 vs 奥萨苏纳 (la_liga)
INFO:enhanced_prediction_workflow:预测完成: 毕尔巴鄂竞技 vs 奥萨苏纳 -> 主胜 (47.6%)
INFO:enhanced_prediction_workflow:已更新 teams 文件: /Users/bytedance/trae_projects/europe_leagues/la_liga/teams_2025-26.md
INFO:result_manager:预测已写入 teams 文件，兼容返回预测对象: la_liga_20260101_巴塞罗那_皇家马德里
INFO:result_manager:预测已写入 teams 文件，兼容返回预测对象: la_liga_20260101_马德里竞技_塞维利亚
INFO:result_manager:预测已写入 teams 文件，兼容返回预测对象: la_liga_20260101_皇家社会_比利亚雷亚尔
INFO:result_manager:预测已写入 teams 文件，兼容返回预测对象: la_liga_20260101_贝蒂斯_瓦伦西亚
INFO:result_manager:预测已写入 teams 文件，兼容返回预测对象: la_liga_20260101_毕尔巴鄂竞技_奥萨苏纳
INFO:enhanced_prediction_workflow:预测已保存到历史数据库
INFO:result_manager:准确率统计已更新
INFO:enhanced_prediction_workflow:开始预测: 巴塞罗那 vs 皇家马德里 (la_liga)
INFO:enhanced_prediction_workflow:预测完成: 巴塞罗那 vs 皇家马德里 -> 主胜 (47.6%)
INFO:enhanced_prediction_workflow:开始预测: 巴塞罗那 vs 皇家马德里 (la_liga)
INFO:enhanced_prediction_workflow:预测完成: 巴塞罗那 vs 皇家马德里 -> 主胜 (47.6%)
INFO:enhanced_prediction_workflow:开始预测: 巴塞罗那 vs 皇家马德里 (la_liga)
INFO:enhanced_prediction_workflow:预测完成: 巴塞罗那 vs 皇家马德里 -> 主胜 (49.0%)
INFO:enhanced_prediction_workflow:开始预测: 巴塞罗那 vs 皇家马德里 (la_liga)
INFO:enhanced_prediction_workflow:预测完成: 巴塞罗那 vs 皇家马德里 -> 主胜 (47.6%)
INFO:enhanced_prediction_workflow:开始预测: 巴塞罗那 vs 皇家马德里 (la_liga)
INFO:enhanced_prediction_workflow:预测完成: 巴塞罗那 vs 皇家马德里 -> 主胜 (47.6%)
INFO:enhanced_prediction_workflow:开始预测: 巴塞罗那 vs 皇家马德里 (la_liga)
INFO:enhanced_prediction_workflow:开始预测: 巴塞罗那 vs 皇家马德里 (la_liga)
INFO:enhanced_prediction_workflow:预测完成: 巴塞罗那 vs 皇家马德里 -> 主胜 (47.6%)
INFO:enhanced_prediction_workflow:预测完成: 巴塞罗那 vs 皇家马德里 -> 主胜 (47.6%)
INFO:enhanced_prediction_workflow:开始预测: 巴塞罗那 vs 皇家马德里 (la_liga)
INFO:enhanced_prediction_workflow:预测完成: 巴塞罗那 vs 皇家马德里 -> 主胜 (47.6%)
INFO:enhanced_prediction_workflow:开始预测: 巴塞罗那 vs 皇家马德里 (la_liga)
INFO:enhanced_prediction_workflow:预测完成: 巴塞罗那 vs 皇家马德里 -> 主胜 (47.6%)
INFO:enhanced_prediction_workflow:开始预测: 巴塞罗那 vs 皇家马德里 (la_liga)
INFO:enhanced_prediction_workflow:预测完成: 巴塞罗那 vs 皇家马德里 -> 主胜 (47.6%)
INFO:enhanced_prediction_workflow:开始预测: 巴塞罗那 vs 皇家马德里 (la_liga)
INFO:enhanced_prediction_workflow:预测完成: 巴塞罗那 vs 皇家马德里 -> 主胜 (47.6%)
