2026-04-19 14:47:44,421 - INFO - 生成 英超 2026-04-19 的预测报告: premier_league/analysis/predictions/2026-04-19_predictions.md
2026-04-19 14:47:44,427 - INFO - 生成 意甲 2026-04-19 的预测报告: serie_a/analysis/predictions/2026-04-19_predictions.md
2026-04-19 14:47:44,432 - INFO - 生成 德甲 2026-04-19 的预测报告: bundesliga/analysis/predictions/2026-04-19_predictions.md
2026-04-19 14:47:44,438 - INFO - 生成 法甲 2026-04-19 的预测报告: ligue_1/analysis/predictions/2026-04-19_predictions.md
2026-04-19 14:47:44,442 - INFO - 生成 西甲 2026-04-19 的预测报告: la_liga/analysis/predictions/2026-04-19_predictions.md
2026-04-19 14:47:50,454 - INFO - 生成 英超 2026-04-20 的预测报告: premier_league/analysis/predictions/2026-04-20_predictions.md
2026-04-19 14:47:56,464 - INFO - 生成 意甲 2026-04-20 的预测报告: serie_a/analysis/predictions/2026-04-20_predictions.md
2026-04-19 14:48:02,476 - INFO - 生成 德甲 2026-04-20 的预测报告: bundesliga/analysis/predictions/2026-04-20_predictions.md
2026-04-19 14:48:08,488 - INFO - 生成 法甲 2026-04-20 的预测报告: ligue_1/analysis/predictions/2026-04-20_predictions.md
2026-04-19 14:48:14,499 - INFO - 生成 西甲 2026-04-20 的预测报告: la_liga/analysis/predictions/2026-04-20_predictions.md
2026-04-19 14:48:20,516 - INFO - 生成 英超 2026-04-21 的预测报告: premier_league/analysis/predictions/2026-04-21_predictions.md
2026-04-19 14:48:26,531 - INFO - 生成 意甲 2026-04-21 的预测报告: serie_a/analysis/predictions/2026-04-21_predictions.md
2026-04-19 14:48:32,542 - INFO - 生成 德甲 2026-04-21 的预测报告: bundesliga/analysis/predictions/2026-04-21_predictions.md
2026-04-19 14:48:38,554 - INFO - 生成 法甲 2026-04-21 的预测报告: ligue_1/analysis/predictions/2026-04-21_predictions.md
2026-04-19 14:48:44,673 - INFO - 生成 西甲 2026-04-21 的预测报告: la_liga/analysis/predictions/2026-04-21_predictions.md
2026-04-19 14:48:50,683 - INFO - 生成 英超 2026-04-22 的预测报告: premier_league/analysis/predictions/2026-04-22_predictions.md
2026-04-19 14:48:56,695 - INFO - 生成 意甲 2026-04-22 的预测报告: serie_a/analysis/predictions/2026-04-22_predictions.md
2026-04-19 14:49:02,708 - INFO - 生成 德甲 2026-04-22 的预测报告: bundesliga/analysis/predictions/2026-04-22_predictions.md
2026-04-19 14:49:08,718 - INFO - 生成 法甲 2026-04-22 的预测报告: ligue_1/analysis/predictions/2026-04-22_predictions.md
2026-04-19 14:49:14,732 - INFO - 生成 西甲 2026-04-22 的预测报告: la_liga/analysis/predictions/2026-04-22_predictions.md
2026-04-19 14:49:20,740 - INFO - 生成 英超 2026-04-23 的预测报告: premier_league/analysis/predictions/2026-04-23_predictions.md
2026-04-19 14:49:26,752 - INFO - 生成 意甲 2026-04-23 的预测报告: serie_a/analysis/predictions/2026-04-23_predictions.md
2026-04-19 14:49:32,761 - INFO - 生成 德甲 2026-04-23 的预测报告: bundesliga/analysis/predictions/2026-04-23_predictions.md
2026-04-19 14:49:38,776 - INFO - 生成 法甲 2026-04-23 的预测报告: ligue_1/analysis/predictions/2026-04-23_predictions.md
2026-04-19 14:49:44,782 - INFO - 生成 西甲 2026-04-23 的预测报告: la_liga/analysis/predictions/2026-04-23_predictions.md
2026-04-19 14:49:50,798 - INFO - 生成 英超 2026-04-24 的预测报告: premier_league/analysis/predictions/2026-04-24_predictions.md
2026-04-19 14:49:56,808 - INFO - 生成 意甲 2026-04-24 的预测报告: serie_a/analysis/predictions/2026-04-24_predictions.md
2026-04-19 14:50:02,822 - INFO - 生成 德甲 2026-04-24 的预测报告: bundesliga/analysis/predictions/2026-04-24_predictions.md
2026-04-19 14:50:08,831 - INFO - 生成 法甲 2026-04-24 的预测报告: ligue_1/analysis/predictions/2026-04-24_predictions.md
2026-04-19 14:50:14,841 - INFO - 生成 西甲 2026-04-24 的预测报告: la_liga/analysis/predictions/2026-04-24_predictions.md
2026-04-19 14:50:20,851 - INFO - 生成 英超 2026-04-25 的预测报告: premier_league/analysis/predictions/2026-04-25_predictions.md
2026-04-19 14:50:26,857 - INFO - 生成 意甲 2026-04-25 的预测报告: serie_a/analysis/predictions/2026-04-25_predictions.md
2026-04-19 14:50:32,869 - INFO - 生成 德甲 2026-04-25 的预测报告: bundesliga/analysis/predictions/2026-04-25_predictions.md
2026-04-19 14:50:38,878 - INFO - 生成 法甲 2026-04-25 的预测报告: ligue_1/analysis/predictions/2026-04-25_predictions.md
2026-04-19 14:50:44,887 - INFO - 生成 西甲 2026-04-25 的预测报告: la_liga/analysis/predictions/2026-04-25_predictions.md
