INFO:root:准确率统计已更新
INFO:root:准确率统计已更新
INFO:root:准确率统计已更新
INFO:root:准确率统计已更新
INFO:root:准确率统计已更新
INFO:root:准确率统计已更新
INFO:root:准确率统计已更新
INFO:root:准确率统计已更新
INFO:root:准确率统计已更新
INFO:root:准确率统计已更新
INFO:root:保存预测: premier_league__------_------
INFO:root:保存预测: premier_league_20260418_布伦特福德_富勒姆
INFO:root:保存预测: premier_league_20260418_利兹联_狼队
INFO:root:保存预测: premier_league_20260418_纽卡斯尔联_伯恩茅斯
INFO:root:保存预测: premier_league_20260419_切尔西_曼联
INFO:root:保存结果: premier_league__------_------
INFO:root:保存结果: premier_league_20260418_布伦特福德_富勒姆
INFO:root:保存结果: premier_league_20260418_利兹联_狼队
INFO:root:保存结果: premier_league_20260418_纽卡斯尔联_伯恩茅斯
INFO:root:保存结果: premier_league_20260419_切尔西_曼联
INFO:root:保存预测: serie_a__------_------
INFO:root:保存预测: serie_a_20260418_国际米兰_卡利亚里
INFO:root:保存预测: serie_a_20260417_萨索洛_科莫
INFO:root:保存预测: serie_a_20260418_乌迪内斯_帕尔马
INFO:root:保存预测: serie_a_20260419_那不勒斯_拉齐奥
INFO:root:保存预测: serie_a_20260419_罗马_亚特兰大
INFO:root:保存预测: serie_a_20260419_克雷莫纳_都灵
INFO:root:保存预测: serie_a_20260419_维罗纳_AC米兰
INFO:root:保存预测: serie_a_20260420_比萨_热那亚
INFO:root:保存预测: serie_a_20260420_尤文图斯_博洛尼亚
INFO:root:保存预测: serie_a_20260421_莱切_佛罗伦萨
INFO:root:保存结果: serie_a__------_------
INFO:root:保存结果: serie_a_20260418_国际米兰_卡利亚里
INFO:root:保存结果: serie_a_20260417_萨索洛_科莫
INFO:root:保存结果: serie_a_20260418_乌迪内斯_帕尔马
INFO:root:保存结果: serie_a_20260419_那不勒斯_拉齐奥
INFO:root:保存结果: serie_a_20260419_罗马_亚特兰大
INFO:root:保存结果: serie_a_20260419_克雷莫纳_都灵
INFO:root:保存结果: serie_a_20260419_维罗纳_AC米兰
INFO:root:保存结果: serie_a_20260420_比萨_热那亚
INFO:root:保存结果: serie_a_20260420_尤文图斯_博洛尼亚
INFO:root:保存结果: serie_a_20260421_莱切_佛罗伦萨
INFO:root:保存预测: bundesliga__------_------
INFO:root:保存预测: bundesliga_20260418_圣保利_科隆
INFO:root:保存预测: bundesliga_20260418_霍芬海姆_多特蒙德
INFO:root:保存预测: bundesliga_20260418_云达不莱梅_汉堡
INFO:root:保存预测: bundesliga_20260418_柏林联合_沃尔夫斯堡
INFO:root:保存预测: bundesliga_20260418_勒沃库森_奥格斯堡
INFO:root:保存预测: bundesliga_20260419_弗莱堡_拜仁
INFO:root:保存结果: bundesliga__------_------
INFO:root:保存结果: bundesliga_20260418_圣保利_科隆
INFO:root:保存结果: bundesliga_20260418_霍芬海姆_多特蒙德
INFO:root:保存结果: bundesliga_20260418_云达不莱梅_汉堡
INFO:root:保存结果: bundesliga_20260418_柏林联合_沃尔夫斯堡
INFO:root:保存结果: bundesliga_20260418_勒沃库森_奥格斯堡
INFO:root:保存结果: bundesliga_20260419_弗莱堡_拜仁
INFO:root:保存预测: ligue_1__------_------
INFO:root:保存预测: ligue_1_20260418_朗斯_图卢兹
INFO:root:保存预测: ligue_1_20260418_洛里昂_马赛
INFO:root:保存预测: ligue_1_20260419_里尔_尼斯
INFO:root:保存预测: ligue_1_20260419_摩纳哥_欧塞尔
INFO:root:保存预测: ligue_1_20260419_斯特拉斯堡_雷恩
INFO:root:保存预测: ligue_1_20260420_巴黎圣日耳曼_里昂
INFO:root:保存预测: ligue_1_20260420_勒阿弗尔_蒙彼利埃
INFO:root:保存预测: ligue_1_20260420_克莱蒙_布雷斯特
INFO:root:保存结果: ligue_1__------_------
INFO:root:保存结果: ligue_1_20260418_朗斯_图卢兹
INFO:root:保存结果: ligue_1_20260418_洛里昂_马赛
INFO:root:保存结果: ligue_1_20260419_里尔_尼斯
INFO:root:保存结果: ligue_1_20260419_摩纳哥_欧塞尔
INFO:root:保存结果: ligue_1_20260419_斯特拉斯堡_雷恩
INFO:root:保存结果: ligue_1_20260420_巴黎圣日耳曼_里昂
INFO:root:保存结果: ligue_1_20260420_勒阿弗尔_蒙彼利埃
INFO:root:保存结果: ligue_1_20260420_克莱蒙_布雷斯特
INFO:root:保存预测: la_liga__------_------
INFO:root:保存预测: la_liga_20260419_赫塔费_瓦伦西亚
INFO:root:保存预测: la_liga_20260419_皇家社会_塞尔塔
INFO:root:保存预测: la_liga_20260420_巴塞罗那_比利亚雷亚尔
INFO:root:保存预测: la_liga_20260420_莱万特_西班牙人
INFO:root:保存预测: la_liga_20260420_皇家马德里_毕尔巴鄂竞技
INFO:root:保存预测: la_liga_20260421_马德里竞技_皇家贝蒂斯
INFO:root:保存预测: la_liga_20260421_奥萨苏纳_赫罗纳
INFO:root:保存结果: la_liga__------_------
INFO:root:保存结果: la_liga_20260419_赫塔费_瓦伦西亚
INFO:root:保存结果: la_liga_20260419_皇家社会_塞尔塔
INFO:root:保存结果: la_liga_20260420_巴塞罗那_比利亚雷亚尔
INFO:root:保存结果: la_liga_20260420_莱万特_西班牙人
INFO:root:保存结果: la_liga_20260420_皇家马德里_毕尔巴鄂竞技
INFO:root:保存结果: la_liga_20260421_马德里竞技_皇家贝蒂斯
INFO:root:保存结果: la_liga_20260421_奥萨苏纳_赫罗纳
INFO:root:准确率统计已更新
INFO:root:准确率统计已更新
INFO:root:准确率统计已更新
