2026-04-19 21:21:06,747 - INFO - 更新了文件: /Users/lin/trae_projects/europe_leagues/premier_league/players/曼联.json
2026-04-19 21:21:06,750 - INFO - 更新了文件: /Users/lin/trae_projects/europe_leagues/premier_league/players/热刺.json
2026-04-19 21:21:06,752 - INFO - 更新了文件: /Users/lin/trae_projects/europe_leagues/premier_league/players/纽卡斯尔联.json
2026-04-19 21:21:06,754 - INFO - 更新了文件: /Users/lin/trae_projects/europe_leagues/premier_league/players/富勒姆.json
2026-04-19 21:21:06,755 - INFO - 更新了文件: /Users/lin/trae_projects/europe_leagues/premier_league/players/布伦特福德.json
2026-04-19 21:21:06,756 - INFO - 更新了文件: /Users/lin/trae_projects/europe_leagues/premier_league/players/桑德兰.json
2026-04-19 21:21:06,758 - INFO - 更新了文件: /Users/lin/trae_projects/europe_leagues/premier_league/players/水晶宫.json
2026-04-19 21:21:06,759 - INFO - 更新了文件: /Users/lin/trae_projects/europe_leagues/premier_league/players/利物浦.json
2026-04-19 21:21:06,760 - INFO - 更新了文件: /Users/lin/trae_projects/europe_leagues/premier_league/players/埃弗顿.json
2026-04-19 21:21:06,761 - INFO - 更新了文件: /Users/lin/trae_projects/europe_leagues/premier_league/players/阿斯顿维拉.json
2026-04-19 21:21:06,762 - INFO - 更新了文件: /Users/lin/trae_projects/europe_leagues/premier_league/players/切尔西.json
2026-04-19 21:21:06,764 - INFO - 更新了文件: /Users/lin/trae_projects/europe_leagues/premier_league/players/伯恩利.json
2026-04-19 21:21:06,765 - INFO - 更新了文件: /Users/lin/trae_projects/europe_leagues/premier_league/players/布莱顿.json
2026-04-19 21:21:06,766 - INFO - 更新了文件: /Users/lin/trae_projects/europe_leagues/premier_league/players/阿森纳.json
2026-04-19 21:21:06,768 - INFO - 更新了文件: /Users/lin/trae_projects/europe_leagues/premier_league/players/曼城.json
2026-04-19 21:21:06,769 - INFO - 更新了文件: /Users/lin/trae_projects/europe_leagues/premier_league/players/利兹联.json
2026-04-19 21:21:06,770 - INFO - 更新了文件: /Users/lin/trae_projects/europe_leagues/premier_league/players/诺丁汉森林.json
2026-04-19 21:21:06,771 - INFO - 更新了文件: /Users/lin/trae_projects/europe_leagues/premier_league/players/狼队.json
2026-04-19 21:21:06,772 - INFO - 更新了文件: /Users/lin/trae_projects/europe_leagues/premier_league/players/西汉姆联.json
2026-04-19 21:21:06,773 - INFO - 更新了文件: /Users/lin/trae_projects/europe_leagues/premier_league/players/伯恩茅斯.json
2026-04-19 21:21:06,775 - INFO - 更新了文件: /Users/lin/trae_projects/europe_leagues/la_liga/players/阿拉维斯.json
2026-04-19 21:21:06,777 - INFO - 更新了文件: /Users/lin/trae_projects/europe_leagues/la_liga/players/皇家社会.json
2026-04-19 21:21:06,779 - INFO - 更新了文件: /Users/lin/trae_projects/europe_leagues/la_liga/players/格拉纳达.json
2026-04-19 21:21:06,781 - INFO - 更新了文件: /Users/lin/trae_projects/europe_leagues/la_liga/players/比利亚雷亚尔.json
2026-04-19 21:21:06,782 - INFO - 更新了文件: /Users/lin/trae_projects/europe_leagues/la_liga/players/马德里竞技.json
2026-04-19 21:21:06,784 - INFO - 更新了文件: /Users/lin/trae_projects/europe_leagues/la_liga/players/埃尔切.json
2026-04-19 21:21:06,785 - INFO - 更新了文件: /Users/lin/trae_projects/europe_leagues/la_liga/players/塞维利亚.json
2026-04-19 21:21:06,787 - INFO - 更新了文件: /Users/lin/trae_projects/europe_leagues/la_liga/players/奥萨苏纳.json
2026-04-19 21:21:06,789 - INFO - 更新了文件: /Users/lin/trae_projects/europe_leagues/la_liga/players/皇家马德里.json
2026-04-19 21:21:06,791 - INFO - 更新了文件: /Users/lin/trae_projects/europe_leagues/la_liga/players/赫罗纳.json
2026-04-19 21:21:06,793 - INFO - 更新了文件: /Users/lin/trae_projects/europe_leagues/la_liga/players/巴塞罗那.json
2026-04-19 21:21:06,794 - INFO - 更新了文件: /Users/lin/trae_projects/europe_leagues/la_liga/players/马略卡.json
2026-04-19 21:21:06,796 - INFO - 更新了文件: /Users/lin/trae_projects/europe_leagues/la_liga/players/毕尔巴鄂竞技.json
2026-04-19 21:21:06,797 - INFO - 更新了文件: /Users/lin/trae_projects/europe_leagues/la_liga/players/贝蒂斯.json
2026-04-19 21:21:06,799 - INFO - 更新了文件: /Users/lin/trae_projects/europe_leagues/la_liga/players/塞尔塔.json
2026-04-19 21:21:06,800 - INFO - 更新了文件: /Users/lin/trae_projects/europe_leagues/la_liga/players/巴伦西亚.json
2026-04-19 21:21:06,803 - INFO - 更新了文件: /Users/lin/trae_projects/europe_leagues/la_liga/players/巴列卡诺.json
2026-04-19 21:21:06,806 - INFO - 更新了文件: /Users/lin/trae_projects/europe_leagues/la_liga/players/莱万特.json
2026-04-19 21:21:06,809 - INFO - 更新了文件: /Users/lin/trae_projects/europe_leagues/la_liga/players/赫塔菲.json
2026-04-19 21:21:06,810 - INFO - 更新了文件: /Users/lin/trae_projects/europe_leagues/la_liga/players/加的斯.json
2026-04-19 21:21:06,813 - INFO - 更新了文件: /Users/lin/trae_projects/europe_leagues/serie_a/players/恩波利.json
2026-04-19 21:21:06,820 - INFO - 更新了文件: /Users/lin/trae_projects/europe_leagues/serie_a/players/亚特兰大.json
2026-04-19 21:21:06,822 - INFO - 更新了文件: /Users/lin/trae_projects/europe_leagues/serie_a/players/乌迪内斯.json
2026-04-19 21:21:06,824 - INFO - 更新了文件: /Users/lin/trae_projects/europe_leagues/serie_a/players/克雷莫纳.json
2026-04-19 21:21:06,826 - INFO - 更新了文件: /Users/lin/trae_projects/europe_leagues/serie_a/players/拉齐奥.json
2026-04-19 21:21:06,828 - INFO - 更新了文件: /Users/lin/trae_projects/europe_leagues/serie_a/players/博洛尼亚.json
2026-04-19 21:21:06,830 - INFO - 更新了文件: /Users/lin/trae_projects/europe_leagues/serie_a/players/罗马.json
2026-04-19 21:21:06,833 - INFO - 更新了文件: /Users/lin/trae_projects/europe_leagues/serie_a/players/维罗纳.json
2026-04-19 21:21:06,835 - INFO - 更新了文件: /Users/lin/trae_projects/europe_leagues/serie_a/players/科莫.json
2026-04-19 21:21:06,839 - INFO - 更新了文件: /Users/lin/trae_projects/europe_leagues/serie_a/players/尤文图斯.json
2026-04-19 21:21:06,844 - INFO - 更新了文件: /Users/lin/trae_projects/europe_leagues/serie_a/players/帕尔马.json
2026-04-19 21:21:06,850 - INFO - 更新了文件: /Users/lin/trae_projects/europe_leagues/serie_a/players/AC米兰.json
2026-04-19 21:21:06,854 - INFO - 更新了文件: /Users/lin/trae_projects/europe_leagues/serie_a/players/佛罗伦萨.json
2026-04-19 21:21:06,858 - INFO - 更新了文件: /Users/lin/trae_projects/europe_leagues/serie_a/players/那不勒斯.json
2026-04-19 21:21:06,860 - INFO - 更新了文件: /Users/lin/trae_projects/europe_leagues/serie_a/players/比萨.json
2026-04-19 21:21:06,863 - INFO - 更新了文件: /Users/lin/trae_projects/europe_leagues/serie_a/players/国际米兰.json
2026-04-19 21:21:06,865 - INFO - 更新了文件: /Users/lin/trae_projects/europe_leagues/serie_a/players/卡利亚里.json
2026-04-19 21:21:06,868 - INFO - 更新了文件: /Users/lin/trae_projects/europe_leagues/serie_a/players/萨索洛.json
2026-04-19 21:21:06,870 - INFO - 更新了文件: /Users/lin/trae_projects/europe_leagues/serie_a/players/都灵.json
2026-04-19 21:21:06,873 - INFO - 更新了文件: /Users/lin/trae_projects/europe_leagues/serie_a/players/莱切.json
2026-04-19 21:21:06,875 - INFO - 更新了文件: /Users/lin/trae_projects/europe_leagues/bundesliga/players/奥格斯堡.json
2026-04-19 21:21:06,878 - INFO - 更新了文件: /Users/lin/trae_projects/europe_leagues/bundesliga/players/霍芬海姆.json
2026-04-19 21:21:06,880 - INFO - 更新了文件: /Users/lin/trae_projects/europe_leagues/bundesliga/players/沃尔夫斯堡.json
2026-04-19 21:21:06,882 - INFO - 更新了文件: /Users/lin/trae_projects/europe_leagues/bundesliga/players/海登海姆.json
2026-04-19 21:21:06,883 - INFO - 更新了文件: /Users/lin/trae_projects/europe_leagues/bundesliga/players/波鸿.json
2026-04-19 21:21:06,885 - INFO - 更新了文件: /Users/lin/trae_projects/europe_leagues/bundesliga/players/弗赖堡.json
2026-04-19 21:21:06,886 - INFO - 更新了文件: /Users/lin/trae_projects/europe_leagues/bundesliga/players/斯图加特.json
2026-04-19 21:21:06,888 - INFO - 更新了文件: /Users/lin/trae_projects/europe_leagues/bundesliga/players/科隆.json
2026-04-19 21:21:06,891 - INFO - 更新了文件: /Users/lin/trae_projects/europe_leagues/bundesliga/players/柏林联合.json
2026-04-19 21:21:06,893 - INFO - 更新了文件: /Users/lin/trae_projects/europe_leagues/bundesliga/players/多特蒙德.json
2026-04-19 21:21:06,893 - INFO - 更新了文件: /Users/lin/trae_projects/europe_leagues/bundesliga/players/弗莱堡.json
2026-04-19 21:21:06,895 - INFO - 更新了文件: /Users/lin/trae_projects/europe_leagues/bundesliga/players/汉堡.json
2026-04-19 21:21:06,897 - INFO - 更新了文件: /Users/lin/trae_projects/europe_leagues/bundesliga/players/法兰克福.json
2026-04-19 21:21:06,899 - INFO - 更新了文件: /Users/lin/trae_projects/europe_leagues/bundesliga/players/圣保利.json
2026-04-19 21:21:06,902 - INFO - 更新了文件: /Users/lin/trae_projects/europe_leagues/bundesliga/players/拜仁慕尼黑.json
2026-04-19 21:21:06,903 - INFO - 更新了文件: /Users/lin/trae_projects/europe_leagues/bundesliga/players/沙尔克04.json
2026-04-19 21:21:06,905 - INFO - 更新了文件: /Users/lin/trae_projects/europe_leagues/bundesliga/players/美因茨.json
2026-04-19 21:21:06,907 - INFO - 更新了文件: /Users/lin/trae_projects/europe_leagues/bundesliga/players/勒沃库森.json
2026-04-19 21:21:06,910 - INFO - 更新了文件: /Users/lin/trae_projects/europe_leagues/bundesliga/players/莱比锡红牛.json
2026-04-19 21:21:06,913 - INFO - 更新了文件: /Users/lin/trae_projects/europe_leagues/bundesliga/players/云达不莱梅.json
2026-04-19 21:21:06,916 - INFO - 更新了文件: /Users/lin/trae_projects/europe_leagues/bundesliga/players/门兴格拉德巴赫.json
2026-04-19 21:21:06,922 - INFO - 更新了文件: /Users/lin/trae_projects/europe_leagues/ligue_1/players/克莱蒙.json
2026-04-19 21:21:06,925 - INFO - 更新了文件: /Users/lin/trae_projects/europe_leagues/ligue_1/players/洛里昂.json
2026-04-19 21:21:06,928 - INFO - 更新了文件: /Users/lin/trae_projects/europe_leagues/ligue_1/players/蒙彼利埃.json
2026-04-19 21:21:06,930 - INFO - 更新了文件: /Users/lin/trae_projects/europe_leagues/ligue_1/players/斯特拉斯堡.json
2026-04-19 21:21:06,932 - INFO - 更新了文件: /Users/lin/trae_projects/europe_leagues/ligue_1/players/勒阿弗尔.json
2026-04-19 21:21:06,934 - INFO - 更新了文件: /Users/lin/trae_projects/europe_leagues/ligue_1/players/里尔.json
2026-04-19 21:21:06,935 - INFO - 更新了文件: /Users/lin/trae_projects/europe_leagues/ligue_1/players/布雷斯特.json
2026-04-19 21:21:06,937 - INFO - 更新了文件: /Users/lin/trae_projects/europe_leagues/ligue_1/players/马赛.json
2026-04-19 21:21:06,939 - INFO - 更新了文件: /Users/lin/trae_projects/europe_leagues/ligue_1/players/朗斯.json
2026-04-19 21:21:06,941 - INFO - 更新了文件: /Users/lin/trae_projects/europe_leagues/ligue_1/players/巴黎圣日耳曼.json
2026-04-19 21:21:06,944 - INFO - 更新了文件: /Users/lin/trae_projects/europe_leagues/ligue_1/players/特鲁瓦.json
2026-04-19 21:21:06,946 - INFO - 更新了文件: /Users/lin/trae_projects/europe_leagues/ligue_1/players/摩纳哥.json
2026-04-19 21:21:06,948 - INFO - 更新了文件: /Users/lin/trae_projects/europe_leagues/ligue_1/players/尼斯.json
2026-04-19 21:21:06,950 - INFO - 更新了文件: /Users/lin/trae_projects/europe_leagues/ligue_1/players/欧塞尔.json
2026-04-19 21:21:06,952 - INFO - 更新了文件: /Users/lin/trae_projects/europe_leagues/ligue_1/players/里昂.json
2026-04-19 21:21:06,954 - INFO - 更新了文件: /Users/lin/trae_projects/europe_leagues/ligue_1/players/南特.json
2026-04-19 21:21:06,955 - INFO - 更新了文件: /Users/lin/trae_projects/europe_leagues/ligue_1/players/雷恩.json
2026-04-19 21:21:06,957 - INFO - 更新了文件: /Users/lin/trae_projects/europe_leagues/ligue_1/players/图卢兹.json
